{"/Users/ivan-mbp/WebstormProjects/algos-prep/methods/array/at()/at.js": {"path":"/Users/ivan-mbp/WebstormProjects/algos-prep/methods/array/at()/at.js","statementMap":{"0":{"start":{"line":4,"column":4},"end":{"line":4,"column":36}},"1":{"start":{"line":4,"column":29},"end":{"line":4,"column":36}},"2":{"start":{"line":5,"column":4},"end":{"line":5,"column":60}},"3":{"start":{"line":8,"column":0},"end":{"line":12,"column":1}},"4":{"start":{"line":9,"column":4},"end":{"line":9,"column":37}},"5":{"start":{"line":9,"column":30},"end":{"line":9,"column":37}},"6":{"start":{"line":11,"column":4},"end":{"line":11,"column":63}}},"fnMap":{"0":{"name":"myAt","decl":{"start":{"line":3,"column":16},"end":{"line":3,"column":20}},"loc":{"start":{"line":3,"column":33},"end":{"line":6,"column":1}},"line":3},"1":{"name":"(anonymous_1)","decl":{"start":{"line":8,"column":23},"end":{"line":8,"column":24}},"loc":{"start":{"line":8,"column":40},"end":{"line":12,"column":1}},"line":8}},"branchMap":{"0":{"loc":{"start":{"line":4,"column":4},"end":{"line":4,"column":36}},"type":"if","locations":[{"start":{"line":4,"column":4},"end":{"line":4,"column":36}},{"start":{},"end":{}}],"line":4},"1":{"loc":{"start":{"line":5,"column":11},"end":{"line":5,"column":59}},"type":"cond-expr","locations":[{"start":{"line":5,"column":23},"end":{"line":5,"column":46}},{"start":{"line":5,"column":49},"end":{"line":5,"column":59}}],"line":5},"2":{"loc":{"start":{"line":9,"column":4},"end":{"line":9,"column":37}},"type":"if","locations":[{"start":{"line":9,"column":4},"end":{"line":9,"column":37}},{"start":{},"end":{}}],"line":9},"3":{"loc":{"start":{"line":11,"column":11},"end":{"line":11,"column":62}},"type":"cond-expr","locations":[{"start":{"line":11,"column":23},"end":{"line":11,"column":48}},{"start":{"line":11,"column":51},"end":{"line":11,"column":62}}],"line":11}},"s":{"0":2,"1":0,"2":2,"3":1,"4":0,"5":0,"6":0},"f":{"0":2,"1":0},"b":{"0":[0,2],"1":[1,1],"2":[0,0],"3":[0,0]},"_coverageSchema":"1a1c01bbd47fc00a2c39e90264f33305004495a9","hash":"bd6d3b47a9634c93d8282967b4a97979159f4de6"}
,"/Users/ivan-mbp/WebstormProjects/algos-prep/methods/array/concat()/concat.js": {"path":"/Users/ivan-mbp/WebstormProjects/algos-prep/methods/array/concat()/concat.js","statementMap":{"0":{"start":{"line":4,"column":14},"end":{"line":4,"column":22}},"1":{"start":{"line":6,"column":4},"end":{"line":12,"column":5}},"2":{"start":{"line":6,"column":17},"end":{"line":6,"column":18}},"3":{"start":{"line":7,"column":8},"end":{"line":11,"column":9}},"4":{"start":{"line":8,"column":12},"end":{"line":8,"column":35}},"5":{"start":{"line":10,"column":12},"end":{"line":10,"column":32}},"6":{"start":{"line":14,"column":4},"end":{"line":14,"column":15}},"7":{"start":{"line":17,"column":0},"end":{"line":29,"column":1}},"8":{"start":{"line":18,"column":14},"end":{"line":18,"column":23}},"9":{"start":{"line":20,"column":4},"end":{"line":26,"column":5}},"10":{"start":{"line":20,"column":17},"end":{"line":20,"column":18}},"11":{"start":{"line":21,"column":8},"end":{"line":25,"column":9}},"12":{"start":{"line":22,"column":12},"end":{"line":22,"column":35}},"13":{"start":{"line":24,"column":12},"end":{"line":24,"column":32}},"14":{"start":{"line":28,"column":4},"end":{"line":28,"column":15}}},"fnMap":{"0":{"name":"myConcat","decl":{"start":{"line":3,"column":16},"end":{"line":3,"column":24}},"loc":{"start":{"line":3,"column":41},"end":{"line":15,"column":1}},"line":3},"1":{"name":"(anonymous_1)","decl":{"start":{"line":17,"column":27},"end":{"line":17,"column":28}},"loc":{"start":{"line":17,"column":48},"end":{"line":29,"column":1}},"line":17}},"branchMap":{"0":{"loc":{"start":{"line":7,"column":8},"end":{"line":11,"column":9}},"type":"if","locations":[{"start":{"line":7,"column":8},"end":{"line":11,"column":9}},{"start":{"line":9,"column":15},"end":{"line":11,"column":9}}],"line":7},"1":{"loc":{"start":{"line":21,"column":8},"end":{"line":25,"column":9}},"type":"if","locations":[{"start":{"line":21,"column":8},"end":{"line":25,"column":9}},{"start":{"line":23,"column":15},"end":{"line":25,"column":9}}],"line":21}},"s":{"0":3,"1":3,"2":3,"3":4,"4":4,"5":0,"6":3,"7":1,"8":0,"9":0,"10":0,"11":0,"12":0,"13":0,"14":0},"f":{"0":3,"1":0},"b":{"0":[4,0],"1":[0,0]},"_coverageSchema":"1a1c01bbd47fc00a2c39e90264f33305004495a9","hash":"49b6a3ca08756c6b94f6c9f78d5ba98d0b0afd4d"}
,"/Users/ivan-mbp/WebstormProjects/algos-prep/methods/array/entries()/entries.js": {"path":"/Users/ivan-mbp/WebstormProjects/algos-prep/methods/array/entries()/entries.js","statementMap":{"0":{"start":{"line":5,"column":8},"end":{"line":7,"column":9}},"1":{"start":{"line":5,"column":21},"end":{"line":5,"column":22}},"2":{"start":{"line":6,"column":12},"end":{"line":6,"column":30}},"3":{"start":{"line":9,"column":4},"end":{"line":9,"column":29}}},"fnMap":{"0":{"name":"myEntries","decl":{"start":{"line":3,"column":16},"end":{"line":3,"column":25}},"loc":{"start":{"line":3,"column":32},"end":{"line":10,"column":1}},"line":3},"1":{"name":"createGenerator","decl":{"start":{"line":4,"column":14},"end":{"line":4,"column":29}},"loc":{"start":{"line":4,"column":32},"end":{"line":8,"column":5}},"line":4}},"branchMap":{},"s":{"0":1,"1":1,"2":1,"3":1},"f":{"0":1,"1":1},"b":{},"_coverageSchema":"1a1c01bbd47fc00a2c39e90264f33305004495a9","hash":"6e652bd1686c178cefb50095791cf07f2c0a5fe0"}
,"/Users/ivan-mbp/WebstormProjects/algos-prep/methods/array/every()/every.js": {"path":"/Users/ivan-mbp/WebstormProjects/algos-prep/methods/array/every()/every.js","statementMap":{"0":{"start":{"line":5,"column":4},"end":{"line":5,"column":36}},"1":{"start":{"line":5,"column":29},"end":{"line":5,"column":36}},"2":{"start":{"line":7,"column":4},"end":{"line":9,"column":5}},"3":{"start":{"line":7,"column":17},"end":{"line":7,"column":18}},"4":{"start":{"line":8,"column":8},"end":{"line":8,"column":52}},"5":{"start":{"line":8,"column":39},"end":{"line":8,"column":52}},"6":{"start":{"line":11,"column":4},"end":{"line":11,"column":16}},"7":{"start":{"line":14,"column":0},"end":{"line":22,"column":1}},"8":{"start":{"line":15,"column":4},"end":{"line":15,"column":37}},"9":{"start":{"line":15,"column":30},"end":{"line":15,"column":37}},"10":{"start":{"line":17,"column":4},"end":{"line":19,"column":5}},"11":{"start":{"line":17,"column":17},"end":{"line":17,"column":18}},"12":{"start":{"line":18,"column":8},"end":{"line":18,"column":54}},"13":{"start":{"line":18,"column":41},"end":{"line":18,"column":54}},"14":{"start":{"line":21,"column":4},"end":{"line":21,"column":16}}},"fnMap":{"0":{"name":"myEvery","decl":{"start":{"line":4,"column":16},"end":{"line":4,"column":23}},"loc":{"start":{"line":4,"column":39},"end":{"line":12,"column":1}},"line":4},"1":{"name":"(anonymous_1)","decl":{"start":{"line":14,"column":26},"end":{"line":14,"column":27}},"loc":{"start":{"line":14,"column":46},"end":{"line":22,"column":1}},"line":14}},"branchMap":{"0":{"loc":{"start":{"line":5,"column":4},"end":{"line":5,"column":36}},"type":"if","locations":[{"start":{"line":5,"column":4},"end":{"line":5,"column":36}},{"start":{},"end":{}}],"line":5},"1":{"loc":{"start":{"line":8,"column":8},"end":{"line":8,"column":52}},"type":"if","locations":[{"start":{"line":8,"column":8},"end":{"line":8,"column":52}},{"start":{},"end":{}}],"line":8},"2":{"loc":{"start":{"line":15,"column":4},"end":{"line":15,"column":37}},"type":"if","locations":[{"start":{"line":15,"column":4},"end":{"line":15,"column":37}},{"start":{},"end":{}}],"line":15},"3":{"loc":{"start":{"line":18,"column":8},"end":{"line":18,"column":54}},"type":"if","locations":[{"start":{"line":18,"column":8},"end":{"line":18,"column":54}},{"start":{},"end":{}}],"line":18}},"s":{"0":2,"1":0,"2":2,"3":2,"4":9,"5":1,"6":1,"7":1,"8":0,"9":0,"10":0,"11":0,"12":0,"13":0,"14":0},"f":{"0":2,"1":0},"b":{"0":[0,2],"1":[1,8],"2":[0,0],"3":[0,0]},"_coverageSchema":"1a1c01bbd47fc00a2c39e90264f33305004495a9","hash":"b912566c2af8826528f1ae73ed4ed1003fbd57b9"}
,"/Users/ivan-mbp/WebstormProjects/algos-prep/methods/array/fill()/fill.js": {"path":"/Users/ivan-mbp/WebstormProjects/algos-prep/methods/array/fill()/fill.js","statementMap":{"0":{"start":{"line":4,"column":4},"end":{"line":4,"column":36}},"1":{"start":{"line":4,"column":29},"end":{"line":4,"column":36}},"2":{"start":{"line":6,"column":12},"end":{"line":6,"column":22}},"3":{"start":{"line":7,"column":17},"end":{"line":7,"column":34}},"4":{"start":{"line":9,"column":4},"end":{"line":11,"column":5}},"5":{"start":{"line":10,"column":8},"end":{"line":10,"column":23}},"6":{"start":{"line":13,"column":4},"end":{"line":13,"column":15}},"7":{"start":{"line":16,"column":0},"end":{"line":27,"column":1}},"8":{"start":{"line":17,"column":4},"end":{"line":17,"column":37}},"9":{"start":{"line":17,"column":30},"end":{"line":17,"column":37}},"10":{"start":{"line":19,"column":12},"end":{"line":19,"column":22}},"11":{"start":{"line":20,"column":17},"end":{"line":20,"column":35}},"12":{"start":{"line":22,"column":4},"end":{"line":24,"column":5}},"13":{"start":{"line":23,"column":8},"end":{"line":23,"column":24}},"14":{"start":{"line":26,"column":4},"end":{"line":26,"column":16}}},"fnMap":{"0":{"name":"myFill","decl":{"start":{"line":3,"column":16},"end":{"line":3,"column":22}},"loc":{"start":{"line":3,"column":47},"end":{"line":14,"column":1}},"line":3},"1":{"name":"(anonymous_1)","decl":{"start":{"line":16,"column":25},"end":{"line":16,"column":26}},"loc":{"start":{"line":16,"column":54},"end":{"line":27,"column":1}},"line":16}},"branchMap":{"0":{"loc":{"start":{"line":4,"column":4},"end":{"line":4,"column":36}},"type":"if","locations":[{"start":{"line":4,"column":4},"end":{"line":4,"column":36}},{"start":{},"end":{}}],"line":4},"1":{"loc":{"start":{"line":6,"column":12},"end":{"line":6,"column":22}},"type":"binary-expr","locations":[{"start":{"line":6,"column":12},"end":{"line":6,"column":17}},{"start":{"line":6,"column":21},"end":{"line":6,"column":22}}],"line":6},"2":{"loc":{"start":{"line":7,"column":17},"end":{"line":7,"column":34}},"type":"binary-expr","locations":[{"start":{"line":7,"column":17},"end":{"line":7,"column":20}},{"start":{"line":7,"column":24},"end":{"line":7,"column":34}}],"line":7},"3":{"loc":{"start":{"line":17,"column":4},"end":{"line":17,"column":37}},"type":"if","locations":[{"start":{"line":17,"column":4},"end":{"line":17,"column":37}},{"start":{},"end":{}}],"line":17},"4":{"loc":{"start":{"line":19,"column":12},"end":{"line":19,"column":22}},"type":"binary-expr","locations":[{"start":{"line":19,"column":12},"end":{"line":19,"column":17}},{"start":{"line":19,"column":21},"end":{"line":19,"column":22}}],"line":19},"5":{"loc":{"start":{"line":20,"column":17},"end":{"line":20,"column":35}},"type":"binary-expr","locations":[{"start":{"line":20,"column":17},"end":{"line":20,"column":20}},{"start":{"line":20,"column":24},"end":{"line":20,"column":35}}],"line":20}},"s":{"0":3,"1":0,"2":3,"3":3,"4":3,"5":11,"6":3,"7":1,"8":0,"9":0,"10":0,"11":0,"12":0,"13":0,"14":0},"f":{"0":3,"1":0},"b":{"0":[0,3],"1":[3,1],"2":[3,2],"3":[0,0],"4":[0,0],"5":[0,0]},"_coverageSchema":"1a1c01bbd47fc00a2c39e90264f33305004495a9","hash":"f908d63b4cb8d4f2b7bc601eb3d0a204461fed6e"}
,"/Users/ivan-mbp/WebstormProjects/algos-prep/methods/array/filter()/filter.js": {"path":"/Users/ivan-mbp/WebstormProjects/algos-prep/methods/array/filter()/filter.js","statementMap":{"0":{"start":{"line":4,"column":14},"end":{"line":4,"column":16}},"1":{"start":{"line":6,"column":4},"end":{"line":8,"column":5}},"2":{"start":{"line":6,"column":17},"end":{"line":6,"column":18}},"3":{"start":{"line":7,"column":8},"end":{"line":7,"column":55}},"4":{"start":{"line":7,"column":38},"end":{"line":7,"column":55}},"5":{"start":{"line":10,"column":4},"end":{"line":10,"column":15}},"6":{"start":{"line":13,"column":0},"end":{"line":21,"column":1}},"7":{"start":{"line":14,"column":14},"end":{"line":14,"column":16}},"8":{"start":{"line":16,"column":4},"end":{"line":18,"column":5}},"9":{"start":{"line":16,"column":17},"end":{"line":16,"column":18}},"10":{"start":{"line":17,"column":8},"end":{"line":17,"column":58}},"11":{"start":{"line":17,"column":40},"end":{"line":17,"column":58}},"12":{"start":{"line":20,"column":4},"end":{"line":20,"column":15}}},"fnMap":{"0":{"name":"myFilter","decl":{"start":{"line":3,"column":16},"end":{"line":3,"column":24}},"loc":{"start":{"line":3,"column":40},"end":{"line":11,"column":1}},"line":3},"1":{"name":"(anonymous_1)","decl":{"start":{"line":13,"column":27},"end":{"line":13,"column":28}},"loc":{"start":{"line":13,"column":47},"end":{"line":21,"column":1}},"line":13}},"branchMap":{"0":{"loc":{"start":{"line":7,"column":8},"end":{"line":7,"column":55}},"type":"if","locations":[{"start":{"line":7,"column":8},"end":{"line":7,"column":55}},{"start":{},"end":{}}],"line":7},"1":{"loc":{"start":{"line":17,"column":8},"end":{"line":17,"column":58}},"type":"if","locations":[{"start":{"line":17,"column":8},"end":{"line":17,"column":58}},{"start":{},"end":{}}],"line":17}},"s":{"0":2,"1":2,"2":2,"3":12,"4":3,"5":2,"6":1,"7":0,"8":0,"9":0,"10":0,"11":0,"12":0},"f":{"0":2,"1":0},"b":{"0":[3,9],"1":[0,0]},"_coverageSchema":"1a1c01bbd47fc00a2c39e90264f33305004495a9","hash":"0db4488c70689b1b480ac1e419bf5f0575f304e2"}
,"/Users/ivan-mbp/WebstormProjects/algos-prep/methods/array/find()/find.js": {"path":"/Users/ivan-mbp/WebstormProjects/algos-prep/methods/array/find()/find.js","statementMap":{"0":{"start":{"line":4,"column":4},"end":{"line":6,"column":5}},"1":{"start":{"line":4,"column":17},"end":{"line":4,"column":18}},"2":{"start":{"line":5,"column":8},"end":{"line":5,"column":52}},"3":{"start":{"line":5,"column":38},"end":{"line":5,"column":52}},"4":{"start":{"line":8,"column":4},"end":{"line":8,"column":21}},"5":{"start":{"line":11,"column":0},"end":{"line":17,"column":1}},"6":{"start":{"line":12,"column":4},"end":{"line":14,"column":5}},"7":{"start":{"line":12,"column":17},"end":{"line":12,"column":18}},"8":{"start":{"line":13,"column":8},"end":{"line":13,"column":55}},"9":{"start":{"line":13,"column":40},"end":{"line":13,"column":55}},"10":{"start":{"line":16,"column":4},"end":{"line":16,"column":21}}},"fnMap":{"0":{"name":"myFind","decl":{"start":{"line":3,"column":16},"end":{"line":3,"column":22}},"loc":{"start":{"line":3,"column":38},"end":{"line":9,"column":1}},"line":3},"1":{"name":"(anonymous_1)","decl":{"start":{"line":11,"column":25},"end":{"line":11,"column":26}},"loc":{"start":{"line":11,"column":45},"end":{"line":17,"column":1}},"line":11}},"branchMap":{"0":{"loc":{"start":{"line":5,"column":8},"end":{"line":5,"column":52}},"type":"if","locations":[{"start":{"line":5,"column":8},"end":{"line":5,"column":52}},{"start":{},"end":{}}],"line":5},"1":{"loc":{"start":{"line":13,"column":8},"end":{"line":13,"column":55}},"type":"if","locations":[{"start":{"line":13,"column":8},"end":{"line":13,"column":55}},{"start":{},"end":{}}],"line":13}},"s":{"0":2,"1":2,"2":7,"3":1,"4":1,"5":1,"6":0,"7":0,"8":0,"9":0,"10":0},"f":{"0":2,"1":0},"b":{"0":[1,6],"1":[0,0]},"_coverageSchema":"1a1c01bbd47fc00a2c39e90264f33305004495a9","hash":"a7a742ec92690198ce6855d928ae56cc3a02773a"}
,"/Users/ivan-mbp/WebstormProjects/algos-prep/methods/array/findIndex()/findIndex.js": {"path":"/Users/ivan-mbp/WebstormProjects/algos-prep/methods/array/findIndex()/findIndex.js","statementMap":{"0":{"start":{"line":4,"column":4},"end":{"line":6,"column":5}},"1":{"start":{"line":4,"column":17},"end":{"line":4,"column":18}},"2":{"start":{"line":5,"column":8},"end":{"line":5,"column":47}},"3":{"start":{"line":5,"column":38},"end":{"line":5,"column":47}},"4":{"start":{"line":8,"column":4},"end":{"line":8,"column":14}},"5":{"start":{"line":11,"column":0},"end":{"line":16,"column":1}},"6":{"start":{"line":12,"column":4},"end":{"line":14,"column":5}},"7":{"start":{"line":12,"column":17},"end":{"line":12,"column":18}},"8":{"start":{"line":13,"column":8},"end":{"line":13,"column":49}},"9":{"start":{"line":13,"column":40},"end":{"line":13,"column":49}},"10":{"start":{"line":15,"column":4},"end":{"line":15,"column":14}}},"fnMap":{"0":{"name":"myFindIndex","decl":{"start":{"line":3,"column":16},"end":{"line":3,"column":27}},"loc":{"start":{"line":3,"column":43},"end":{"line":9,"column":1}},"line":3},"1":{"name":"(anonymous_1)","decl":{"start":{"line":11,"column":30},"end":{"line":11,"column":31}},"loc":{"start":{"line":11,"column":50},"end":{"line":16,"column":1}},"line":11}},"branchMap":{"0":{"loc":{"start":{"line":5,"column":8},"end":{"line":5,"column":47}},"type":"if","locations":[{"start":{"line":5,"column":8},"end":{"line":5,"column":47}},{"start":{},"end":{}}],"line":5},"1":{"loc":{"start":{"line":13,"column":8},"end":{"line":13,"column":49}},"type":"if","locations":[{"start":{"line":13,"column":8},"end":{"line":13,"column":49}},{"start":{},"end":{}}],"line":13}},"s":{"0":2,"1":2,"2":9,"3":1,"4":1,"5":1,"6":0,"7":0,"8":0,"9":0,"10":0},"f":{"0":2,"1":0},"b":{"0":[1,8],"1":[0,0]},"_coverageSchema":"1a1c01bbd47fc00a2c39e90264f33305004495a9","hash":"2209931e76aa568eab091227b64874dd8a52c75a"}
,"/Users/ivan-mbp/WebstormProjects/algos-prep/methods/array/findLast()/findLast.js": {"path":"/Users/ivan-mbp/WebstormProjects/algos-prep/methods/array/findLast()/findLast.js","statementMap":{"0":{"start":{"line":4,"column":4},"end":{"line":6,"column":5}},"1":{"start":{"line":4,"column":17},"end":{"line":4,"column":27}},"2":{"start":{"line":5,"column":8},"end":{"line":5,"column":52}},"3":{"start":{"line":5,"column":38},"end":{"line":5,"column":52}},"4":{"start":{"line":8,"column":4},"end":{"line":8,"column":21}},"5":{"start":{"line":11,"column":0},"end":{"line":16,"column":1}},"6":{"start":{"line":12,"column":4},"end":{"line":14,"column":5}},"7":{"start":{"line":12,"column":17},"end":{"line":12,"column":28}},"8":{"start":{"line":13,"column":8},"end":{"line":13,"column":55}},"9":{"start":{"line":13,"column":40},"end":{"line":13,"column":55}},"10":{"start":{"line":15,"column":4},"end":{"line":15,"column":21}}},"fnMap":{"0":{"name":"myFindLast","decl":{"start":{"line":3,"column":16},"end":{"line":3,"column":26}},"loc":{"start":{"line":3,"column":42},"end":{"line":9,"column":1}},"line":3},"1":{"name":"(anonymous_1)","decl":{"start":{"line":11,"column":29},"end":{"line":11,"column":30}},"loc":{"start":{"line":11,"column":49},"end":{"line":16,"column":1}},"line":11}},"branchMap":{"0":{"loc":{"start":{"line":5,"column":8},"end":{"line":5,"column":52}},"type":"if","locations":[{"start":{"line":5,"column":8},"end":{"line":5,"column":52}},{"start":{},"end":{}}],"line":5},"1":{"loc":{"start":{"line":13,"column":8},"end":{"line":13,"column":55}},"type":"if","locations":[{"start":{"line":13,"column":8},"end":{"line":13,"column":55}},{"start":{},"end":{}}],"line":13}},"s":{"0":2,"1":2,"2":8,"3":1,"4":1,"5":1,"6":0,"7":0,"8":0,"9":0,"10":0},"f":{"0":2,"1":0},"b":{"0":[1,7],"1":[0,0]},"_coverageSchema":"1a1c01bbd47fc00a2c39e90264f33305004495a9","hash":"6c8fda7970978b5dd2882bf32b226e007e3b9038"}
,"/Users/ivan-mbp/WebstormProjects/algos-prep/methods/array/findLastIndex()/findLastIndex.js": {"path":"/Users/ivan-mbp/WebstormProjects/algos-prep/methods/array/findLastIndex()/findLastIndex.js","statementMap":{"0":{"start":{"line":4,"column":4},"end":{"line":6,"column":5}},"1":{"start":{"line":4,"column":17},"end":{"line":4,"column":27}},"2":{"start":{"line":5,"column":8},"end":{"line":5,"column":47}},"3":{"start":{"line":5,"column":38},"end":{"line":5,"column":47}},"4":{"start":{"line":8,"column":4},"end":{"line":8,"column":14}},"5":{"start":{"line":11,"column":0},"end":{"line":17,"column":1}},"6":{"start":{"line":12,"column":4},"end":{"line":14,"column":5}},"7":{"start":{"line":12,"column":17},"end":{"line":12,"column":28}},"8":{"start":{"line":13,"column":8},"end":{"line":13,"column":49}},"9":{"start":{"line":13,"column":40},"end":{"line":13,"column":49}},"10":{"start":{"line":16,"column":4},"end":{"line":16,"column":21}}},"fnMap":{"0":{"name":"myFindLastIndex","decl":{"start":{"line":3,"column":16},"end":{"line":3,"column":31}},"loc":{"start":{"line":3,"column":47},"end":{"line":9,"column":1}},"line":3},"1":{"name":"(anonymous_1)","decl":{"start":{"line":11,"column":34},"end":{"line":11,"column":35}},"loc":{"start":{"line":11,"column":54},"end":{"line":17,"column":1}},"line":11}},"branchMap":{"0":{"loc":{"start":{"line":5,"column":8},"end":{"line":5,"column":47}},"type":"if","locations":[{"start":{"line":5,"column":8},"end":{"line":5,"column":47}},{"start":{},"end":{}}],"line":5},"1":{"loc":{"start":{"line":13,"column":8},"end":{"line":13,"column":49}},"type":"if","locations":[{"start":{"line":13,"column":8},"end":{"line":13,"column":49}},{"start":{},"end":{}}],"line":13}},"s":{"0":2,"1":2,"2":8,"3":1,"4":1,"5":1,"6":0,"7":0,"8":0,"9":0,"10":0},"f":{"0":2,"1":0},"b":{"0":[1,7],"1":[0,0]},"_coverageSchema":"1a1c01bbd47fc00a2c39e90264f33305004495a9","hash":"19534f9f9283f9e9cd85a55f31efdd581db90150"}
,"/Users/ivan-mbp/WebstormProjects/algos-prep/methods/array/flat()/flat.js": {"path":"/Users/ivan-mbp/WebstormProjects/algos-prep/methods/array/flat()/flat.js","statementMap":{"0":{"start":{"line":4,"column":22},"end":{"line":4,"column":24}},"1":{"start":{"line":6,"column":4},"end":{"line":12,"column":5}},"2":{"start":{"line":6,"column":17},"end":{"line":6,"column":18}},"3":{"start":{"line":7,"column":8},"end":{"line":11,"column":9}},"4":{"start":{"line":8,"column":12},"end":{"line":8,"column":57}},"5":{"start":{"line":10,"column":12},"end":{"line":10,"column":35}},"6":{"start":{"line":14,"column":4},"end":{"line":14,"column":21}},"7":{"start":{"line":17,"column":0},"end":{"line":29,"column":1}},"8":{"start":{"line":18,"column":22},"end":{"line":18,"column":24}},"9":{"start":{"line":20,"column":4},"end":{"line":26,"column":5}},"10":{"start":{"line":20,"column":17},"end":{"line":20,"column":18}},"11":{"start":{"line":21,"column":8},"end":{"line":25,"column":9}},"12":{"start":{"line":22,"column":12},"end":{"line":22,"column":57}},"13":{"start":{"line":24,"column":12},"end":{"line":24,"column":36}},"14":{"start":{"line":28,"column":4},"end":{"line":28,"column":21}}},"fnMap":{"0":{"name":"myFlat","decl":{"start":{"line":3,"column":16},"end":{"line":3,"column":22}},"loc":{"start":{"line":3,"column":39},"end":{"line":15,"column":1}},"line":3},"1":{"name":"(anonymous_1)","decl":{"start":{"line":17,"column":25},"end":{"line":17,"column":26}},"loc":{"start":{"line":17,"column":46},"end":{"line":29,"column":1}},"line":17}},"branchMap":{"0":{"loc":{"start":{"line":3,"column":28},"end":{"line":3,"column":37}},"type":"default-arg","locations":[{"start":{"line":3,"column":36},"end":{"line":3,"column":37}}],"line":3},"1":{"loc":{"start":{"line":7,"column":8},"end":{"line":11,"column":9}},"type":"if","locations":[{"start":{"line":7,"column":8},"end":{"line":11,"column":9}},{"start":{"line":9,"column":15},"end":{"line":11,"column":9}}],"line":7},"2":{"loc":{"start":{"line":7,"column":12},"end":{"line":7,"column":42}},"type":"binary-expr","locations":[{"start":{"line":7,"column":12},"end":{"line":7,"column":33}},{"start":{"line":7,"column":37},"end":{"line":7,"column":42}}],"line":7},"3":{"loc":{"start":{"line":17,"column":35},"end":{"line":17,"column":44}},"type":"default-arg","locations":[{"start":{"line":17,"column":43},"end":{"line":17,"column":44}}],"line":17},"4":{"loc":{"start":{"line":21,"column":8},"end":{"line":25,"column":9}},"type":"if","locations":[{"start":{"line":21,"column":8},"end":{"line":25,"column":9}},{"start":{"line":23,"column":15},"end":{"line":25,"column":9}}],"line":21},"5":{"loc":{"start":{"line":21,"column":12},"end":{"line":21,"column":43}},"type":"binary-expr","locations":[{"start":{"line":21,"column":12},"end":{"line":21,"column":34}},{"start":{"line":21,"column":38},"end":{"line":21,"column":43}}],"line":21}},"s":{"0":10,"1":10,"2":10,"3":23,"4":7,"5":16,"6":10,"7":1,"8":0,"9":0,"10":0,"11":0,"12":0,"13":0,"14":0},"f":{"0":10,"1":0},"b":{"0":[1],"1":[7,16],"2":[23,8],"3":[0],"4":[0,0],"5":[0,0]},"_coverageSchema":"1a1c01bbd47fc00a2c39e90264f33305004495a9","hash":"32593d577b790f6673f3a318ed2c68204fcd49b4"}
,"/Users/ivan-mbp/WebstormProjects/algos-prep/methods/array/forEach()/forEach.js": {"path":"/Users/ivan-mbp/WebstormProjects/algos-prep/methods/array/forEach()/forEach.js","statementMap":{"0":{"start":{"line":4,"column":4},"end":{"line":4,"column":36}},"1":{"start":{"line":4,"column":29},"end":{"line":4,"column":36}},"2":{"start":{"line":6,"column":4},"end":{"line":8,"column":5}},"3":{"start":{"line":6,"column":17},"end":{"line":6,"column":18}},"4":{"start":{"line":7,"column":8},"end":{"line":7,"column":52}},"5":{"start":{"line":7,"column":38},"end":{"line":7,"column":52}},"6":{"start":{"line":11,"column":0},"end":{"line":17,"column":1}},"7":{"start":{"line":12,"column":4},"end":{"line":12,"column":37}},"8":{"start":{"line":12,"column":30},"end":{"line":12,"column":37}},"9":{"start":{"line":14,"column":4},"end":{"line":16,"column":5}},"10":{"start":{"line":14,"column":17},"end":{"line":14,"column":18}},"11":{"start":{"line":15,"column":8},"end":{"line":15,"column":55}},"12":{"start":{"line":15,"column":40},"end":{"line":15,"column":55}}},"fnMap":{"0":{"name":"myForEach","decl":{"start":{"line":3,"column":16},"end":{"line":3,"column":25}},"loc":{"start":{"line":3,"column":41},"end":{"line":9,"column":1}},"line":3},"1":{"name":"(anonymous_1)","decl":{"start":{"line":11,"column":28},"end":{"line":11,"column":29}},"loc":{"start":{"line":11,"column":48},"end":{"line":17,"column":1}},"line":11}},"branchMap":{"0":{"loc":{"start":{"line":4,"column":4},"end":{"line":4,"column":36}},"type":"if","locations":[{"start":{"line":4,"column":4},"end":{"line":4,"column":36}},{"start":{},"end":{}}],"line":4},"1":{"loc":{"start":{"line":7,"column":8},"end":{"line":7,"column":52}},"type":"if","locations":[{"start":{"line":7,"column":8},"end":{"line":7,"column":52}},{"start":{},"end":{}}],"line":7},"2":{"loc":{"start":{"line":12,"column":4},"end":{"line":12,"column":37}},"type":"if","locations":[{"start":{"line":12,"column":4},"end":{"line":12,"column":37}},{"start":{},"end":{}}],"line":12},"3":{"loc":{"start":{"line":15,"column":8},"end":{"line":15,"column":55}},"type":"if","locations":[{"start":{"line":15,"column":8},"end":{"line":15,"column":55}},{"start":{},"end":{}}],"line":15}},"s":{"0":1,"1":0,"2":1,"3":1,"4":1,"5":1,"6":1,"7":0,"8":0,"9":0,"10":0,"11":0,"12":0},"f":{"0":1,"1":0},"b":{"0":[0,1],"1":[1,0],"2":[0,0],"3":[0,0]},"_coverageSchema":"1a1c01bbd47fc00a2c39e90264f33305004495a9","hash":"27c0a8b8089a90385342c383a9148ccadb4caffe"}
,"/Users/ivan-mbp/WebstormProjects/algos-prep/methods/array/includes()/includes.js": {"path":"/Users/ivan-mbp/WebstormProjects/algos-prep/methods/array/includes()/includes.js","statementMap":{"0":{"start":{"line":4,"column":4},"end":{"line":6,"column":5}},"1":{"start":{"line":4,"column":17},"end":{"line":4,"column":18}},"2":{"start":{"line":5,"column":8},"end":{"line":5,"column":42}},"3":{"start":{"line":5,"column":30},"end":{"line":5,"column":42}},"4":{"start":{"line":8,"column":4},"end":{"line":8,"column":17}},"5":{"start":{"line":11,"column":0},"end":{"line":17,"column":1}},"6":{"start":{"line":12,"column":4},"end":{"line":14,"column":5}},"7":{"start":{"line":12,"column":17},"end":{"line":12,"column":18}},"8":{"start":{"line":13,"column":8},"end":{"line":13,"column":43}},"9":{"start":{"line":13,"column":31},"end":{"line":13,"column":43}},"10":{"start":{"line":16,"column":4},"end":{"line":16,"column":17}}},"fnMap":{"0":{"name":"myIncludes","decl":{"start":{"line":3,"column":16},"end":{"line":3,"column":26}},"loc":{"start":{"line":3,"column":39},"end":{"line":9,"column":1}},"line":3},"1":{"name":"(anonymous_1)","decl":{"start":{"line":11,"column":29},"end":{"line":11,"column":30}},"loc":{"start":{"line":11,"column":46},"end":{"line":17,"column":1}},"line":11}},"branchMap":{"0":{"loc":{"start":{"line":5,"column":8},"end":{"line":5,"column":42}},"type":"if","locations":[{"start":{"line":5,"column":8},"end":{"line":5,"column":42}},{"start":{},"end":{}}],"line":5},"1":{"loc":{"start":{"line":13,"column":8},"end":{"line":13,"column":43}},"type":"if","locations":[{"start":{"line":13,"column":8},"end":{"line":13,"column":43}},{"start":{},"end":{}}],"line":13}},"s":{"0":3,"1":3,"2":10,"3":2,"4":1,"5":1,"6":0,"7":0,"8":0,"9":0,"10":0},"f":{"0":3,"1":0},"b":{"0":[2,8],"1":[0,0]},"_coverageSchema":"1a1c01bbd47fc00a2c39e90264f33305004495a9","hash":"cfbe8c78b8c35f15f73826f4e88a4d2d39f43fef"}
,"/Users/ivan-mbp/WebstormProjects/algos-prep/methods/array/indexOf()/indexOf.js": {"path":"/Users/ivan-mbp/WebstormProjects/algos-prep/methods/array/indexOf()/indexOf.js","statementMap":{"0":{"start":{"line":4,"column":4},"end":{"line":4,"column":36}},"1":{"start":{"line":4,"column":29},"end":{"line":4,"column":36}},"2":{"start":{"line":6,"column":4},"end":{"line":8,"column":5}},"3":{"start":{"line":6,"column":17},"end":{"line":6,"column":18}},"4":{"start":{"line":7,"column":8},"end":{"line":7,"column":47}},"5":{"start":{"line":7,"column":38},"end":{"line":7,"column":47}},"6":{"start":{"line":10,"column":4},"end":{"line":10,"column":14}},"7":{"start":{"line":13,"column":0},"end":{"line":21,"column":1}},"8":{"start":{"line":14,"column":4},"end":{"line":14,"column":37}},"9":{"start":{"line":14,"column":30},"end":{"line":14,"column":37}},"10":{"start":{"line":16,"column":4},"end":{"line":18,"column":5}},"11":{"start":{"line":16,"column":17},"end":{"line":16,"column":18}},"12":{"start":{"line":17,"column":8},"end":{"line":17,"column":48}},"13":{"start":{"line":17,"column":39},"end":{"line":17,"column":48}},"14":{"start":{"line":20,"column":4},"end":{"line":20,"column":14}}},"fnMap":{"0":{"name":"myIndexOf","decl":{"start":{"line":3,"column":16},"end":{"line":3,"column":25}},"loc":{"start":{"line":3,"column":46},"end":{"line":11,"column":1}},"line":3},"1":{"name":"(anonymous_1)","decl":{"start":{"line":13,"column":28},"end":{"line":13,"column":29}},"loc":{"start":{"line":13,"column":53},"end":{"line":21,"column":1}},"line":13}},"branchMap":{"0":{"loc":{"start":{"line":4,"column":4},"end":{"line":4,"column":36}},"type":"if","locations":[{"start":{"line":4,"column":4},"end":{"line":4,"column":36}},{"start":{},"end":{}}],"line":4},"1":{"loc":{"start":{"line":7,"column":8},"end":{"line":7,"column":47}},"type":"if","locations":[{"start":{"line":7,"column":8},"end":{"line":7,"column":47}},{"start":{},"end":{}}],"line":7},"2":{"loc":{"start":{"line":14,"column":4},"end":{"line":14,"column":37}},"type":"if","locations":[{"start":{"line":14,"column":4},"end":{"line":14,"column":37}},{"start":{},"end":{}}],"line":14},"3":{"loc":{"start":{"line":17,"column":8},"end":{"line":17,"column":48}},"type":"if","locations":[{"start":{"line":17,"column":8},"end":{"line":17,"column":48}},{"start":{},"end":{}}],"line":17}},"s":{"0":3,"1":0,"2":3,"3":3,"4":7,"5":2,"6":1,"7":1,"8":0,"9":0,"10":0,"11":0,"12":0,"13":0,"14":0},"f":{"0":3,"1":0},"b":{"0":[0,3],"1":[2,5],"2":[0,0],"3":[0,0]},"_coverageSchema":"1a1c01bbd47fc00a2c39e90264f33305004495a9","hash":"eecf4dbca4cac0eba54f9f19c703417841a38562"}
,"/Users/ivan-mbp/WebstormProjects/algos-prep/methods/array/join()/join.js": {"path":"/Users/ivan-mbp/WebstormProjects/algos-prep/methods/array/join()/join.js","statementMap":{"0":{"start":{"line":4,"column":4},"end":{"line":4,"column":36}},"1":{"start":{"line":4,"column":29},"end":{"line":4,"column":36}},"2":{"start":{"line":6,"column":14},"end":{"line":6,"column":16}},"3":{"start":{"line":8,"column":4},"end":{"line":20,"column":5}},"4":{"start":{"line":8,"column":17},"end":{"line":8,"column":18}},"5":{"start":{"line":9,"column":8},"end":{"line":19,"column":9}},"6":{"start":{"line":10,"column":12},"end":{"line":14,"column":13}},"7":{"start":{"line":11,"column":16},"end":{"line":11,"column":30}},"8":{"start":{"line":13,"column":16},"end":{"line":13,"column":47}},"9":{"start":{"line":15,"column":15},"end":{"line":19,"column":9}},"10":{"start":{"line":16,"column":12},"end":{"line":16,"column":37}},"11":{"start":{"line":18,"column":12},"end":{"line":18,"column":26}},"12":{"start":{"line":22,"column":4},"end":{"line":22,"column":15}},"13":{"start":{"line":25,"column":0},"end":{"line":45,"column":1}},"14":{"start":{"line":26,"column":4},"end":{"line":26,"column":37}},"15":{"start":{"line":26,"column":30},"end":{"line":26,"column":37}},"16":{"start":{"line":28,"column":14},"end":{"line":28,"column":16}},"17":{"start":{"line":30,"column":4},"end":{"line":42,"column":5}},"18":{"start":{"line":30,"column":17},"end":{"line":30,"column":18}},"19":{"start":{"line":31,"column":8},"end":{"line":41,"column":9}},"20":{"start":{"line":32,"column":12},"end":{"line":36,"column":13}},"21":{"start":{"line":33,"column":16},"end":{"line":33,"column":31}},"22":{"start":{"line":35,"column":16},"end":{"line":35,"column":48}},"23":{"start":{"line":37,"column":15},"end":{"line":41,"column":9}},"24":{"start":{"line":38,"column":12},"end":{"line":38,"column":38}},"25":{"start":{"line":40,"column":12},"end":{"line":40,"column":27}},"26":{"start":{"line":44,"column":4},"end":{"line":44,"column":15}}},"fnMap":{"0":{"name":"myJoin","decl":{"start":{"line":3,"column":16},"end":{"line":3,"column":22}},"loc":{"start":{"line":3,"column":39},"end":{"line":23,"column":1}},"line":3},"1":{"name":"(anonymous_1)","decl":{"start":{"line":25,"column":25},"end":{"line":25,"column":26}},"loc":{"start":{"line":25,"column":46},"end":{"line":45,"column":1}},"line":25}},"branchMap":{"0":{"loc":{"start":{"line":4,"column":4},"end":{"line":4,"column":36}},"type":"if","locations":[{"start":{"line":4,"column":4},"end":{"line":4,"column":36}},{"start":{},"end":{}}],"line":4},"1":{"loc":{"start":{"line":9,"column":8},"end":{"line":19,"column":9}},"type":"if","locations":[{"start":{"line":9,"column":8},"end":{"line":19,"column":9}},{"start":{"line":15,"column":15},"end":{"line":19,"column":9}}],"line":9},"2":{"loc":{"start":{"line":9,"column":12},"end":{"line":9,"column":63}},"type":"binary-expr","locations":[{"start":{"line":9,"column":12},"end":{"line":9,"column":21}},{"start":{"line":9,"column":25},"end":{"line":9,"column":41}},{"start":{"line":9,"column":45},"end":{"line":9,"column":63}}],"line":9},"3":{"loc":{"start":{"line":10,"column":12},"end":{"line":14,"column":13}},"type":"if","locations":[{"start":{"line":10,"column":12},"end":{"line":14,"column":13}},{"start":{"line":12,"column":19},"end":{"line":14,"column":13}}],"line":10},"4":{"loc":{"start":{"line":15,"column":15},"end":{"line":19,"column":9}},"type":"if","locations":[{"start":{"line":15,"column":15},"end":{"line":19,"column":9}},{"start":{"line":17,"column":15},"end":{"line":19,"column":9}}],"line":15},"5":{"loc":{"start":{"line":15,"column":19},"end":{"line":15,"column":51}},"type":"binary-expr","locations":[{"start":{"line":15,"column":19},"end":{"line":15,"column":29}},{"start":{"line":15,"column":33},"end":{"line":15,"column":51}}],"line":15},"6":{"loc":{"start":{"line":26,"column":4},"end":{"line":26,"column":37}},"type":"if","locations":[{"start":{"line":26,"column":4},"end":{"line":26,"column":37}},{"start":{},"end":{}}],"line":26},"7":{"loc":{"start":{"line":31,"column":8},"end":{"line":41,"column":9}},"type":"if","locations":[{"start":{"line":31,"column":8},"end":{"line":41,"column":9}},{"start":{"line":37,"column":15},"end":{"line":41,"column":9}}],"line":31},"8":{"loc":{"start":{"line":31,"column":12},"end":{"line":31,"column":64}},"type":"binary-expr","locations":[{"start":{"line":31,"column":12},"end":{"line":31,"column":21}},{"start":{"line":31,"column":25},"end":{"line":31,"column":41}},{"start":{"line":31,"column":45},"end":{"line":31,"column":64}}],"line":31},"9":{"loc":{"start":{"line":32,"column":12},"end":{"line":36,"column":13}},"type":"if","locations":[{"start":{"line":32,"column":12},"end":{"line":36,"column":13}},{"start":{"line":34,"column":19},"end":{"line":36,"column":13}}],"line":32},"10":{"loc":{"start":{"line":37,"column":15},"end":{"line":41,"column":9}},"type":"if","locations":[{"start":{"line":37,"column":15},"end":{"line":41,"column":9}},{"start":{"line":39,"column":15},"end":{"line":41,"column":9}}],"line":37},"11":{"loc":{"start":{"line":37,"column":19},"end":{"line":37,"column":52}},"type":"binary-expr","locations":[{"start":{"line":37,"column":19},"end":{"line":37,"column":29}},{"start":{"line":37,"column":33},"end":{"line":37,"column":52}}],"line":37}},"s":{"0":3,"1":0,"2":3,"3":3,"4":3,"5":9,"6":5,"7":1,"8":4,"9":4,"10":2,"11":2,"12":3,"13":1,"14":0,"15":0,"16":0,"17":0,"18":0,"19":0,"20":0,"21":0,"22":0,"23":0,"24":0,"25":0,"26":0},"f":{"0":3,"1":0},"b":{"0":[0,3],"1":[5,4],"2":[9,6,3],"3":[1,4],"4":[2,2],"5":[4,4],"6":[0,0],"7":[0,0],"8":[0,0,0],"9":[0,0],"10":[0,0],"11":[0,0]},"_coverageSchema":"1a1c01bbd47fc00a2c39e90264f33305004495a9","hash":"a6be9680dd5155790b02cb1794649b38e227f3ce"}
,"/Users/ivan-mbp/WebstormProjects/algos-prep/methods/array/keys/keys.js": {"path":"/Users/ivan-mbp/WebstormProjects/algos-prep/methods/array/keys/keys.js","statementMap":{"0":{"start":{"line":5,"column":8},"end":{"line":7,"column":9}},"1":{"start":{"line":5,"column":21},"end":{"line":5,"column":22}},"2":{"start":{"line":6,"column":12},"end":{"line":6,"column":20}},"3":{"start":{"line":9,"column":4},"end":{"line":9,"column":29}}},"fnMap":{"0":{"name":"myKeys","decl":{"start":{"line":3,"column":16},"end":{"line":3,"column":22}},"loc":{"start":{"line":3,"column":29},"end":{"line":10,"column":1}},"line":3},"1":{"name":"createGenerator","decl":{"start":{"line":4,"column":14},"end":{"line":4,"column":29}},"loc":{"start":{"line":4,"column":33},"end":{"line":8,"column":5}},"line":4}},"branchMap":{},"s":{"0":1,"1":1,"2":1,"3":1},"f":{"0":1,"1":1},"b":{},"_coverageSchema":"1a1c01bbd47fc00a2c39e90264f33305004495a9","hash":"a10a9d9a84824a7a66f28cd3799b0c376434f50d"}
,"/Users/ivan-mbp/WebstormProjects/algos-prep/methods/array/lastIndexOf()/lastIndexOf.js": {"path":"/Users/ivan-mbp/WebstormProjects/algos-prep/methods/array/lastIndexOf()/lastIndexOf.js","statementMap":{"0":{"start":{"line":4,"column":4},"end":{"line":4,"column":36}},"1":{"start":{"line":4,"column":29},"end":{"line":4,"column":36}},"2":{"start":{"line":6,"column":4},"end":{"line":8,"column":5}},"3":{"start":{"line":6,"column":17},"end":{"line":6,"column":31}},"4":{"start":{"line":7,"column":8},"end":{"line":7,"column":47}},"5":{"start":{"line":7,"column":38},"end":{"line":7,"column":47}},"6":{"start":{"line":10,"column":4},"end":{"line":10,"column":14}},"7":{"start":{"line":13,"column":0},"end":{"line":21,"column":1}},"8":{"start":{"line":14,"column":4},"end":{"line":14,"column":37}},"9":{"start":{"line":14,"column":30},"end":{"line":14,"column":37}},"10":{"start":{"line":16,"column":4},"end":{"line":18,"column":5}},"11":{"start":{"line":16,"column":17},"end":{"line":16,"column":32}},"12":{"start":{"line":17,"column":8},"end":{"line":17,"column":48}},"13":{"start":{"line":17,"column":39},"end":{"line":17,"column":48}},"14":{"start":{"line":20,"column":4},"end":{"line":20,"column":14}}},"fnMap":{"0":{"name":"myLastIndexOf","decl":{"start":{"line":3,"column":16},"end":{"line":3,"column":29}},"loc":{"start":{"line":3,"column":50},"end":{"line":11,"column":1}},"line":3},"1":{"name":"(anonymous_1)","decl":{"start":{"line":13,"column":32},"end":{"line":13,"column":33}},"loc":{"start":{"line":13,"column":57},"end":{"line":21,"column":1}},"line":13}},"branchMap":{"0":{"loc":{"start":{"line":4,"column":4},"end":{"line":4,"column":36}},"type":"if","locations":[{"start":{"line":4,"column":4},"end":{"line":4,"column":36}},{"start":{},"end":{}}],"line":4},"1":{"loc":{"start":{"line":7,"column":8},"end":{"line":7,"column":47}},"type":"if","locations":[{"start":{"line":7,"column":8},"end":{"line":7,"column":47}},{"start":{},"end":{}}],"line":7},"2":{"loc":{"start":{"line":14,"column":4},"end":{"line":14,"column":37}},"type":"if","locations":[{"start":{"line":14,"column":4},"end":{"line":14,"column":37}},{"start":{},"end":{}}],"line":14},"3":{"loc":{"start":{"line":17,"column":8},"end":{"line":17,"column":48}},"type":"if","locations":[{"start":{"line":17,"column":8},"end":{"line":17,"column":48}},{"start":{},"end":{}}],"line":17}},"s":{"0":3,"1":0,"2":3,"3":3,"4":14,"5":1,"6":2,"7":1,"8":0,"9":0,"10":0,"11":0,"12":0,"13":0,"14":0},"f":{"0":3,"1":0},"b":{"0":[0,3],"1":[1,13],"2":[0,0],"3":[0,0]},"_coverageSchema":"1a1c01bbd47fc00a2c39e90264f33305004495a9","hash":"ec9b02d4137b82f9efc92e3924cb34fd21b324f4"}
,"/Users/ivan-mbp/WebstormProjects/algos-prep/methods/array/map()/map.js": {"path":"/Users/ivan-mbp/WebstormProjects/algos-prep/methods/array/map()/map.js","statementMap":{"0":{"start":{"line":5,"column":2},"end":{"line":5,"column":34}},"1":{"start":{"line":5,"column":27},"end":{"line":5,"column":34}},"2":{"start":{"line":7,"column":13},"end":{"line":7,"column":15}},"3":{"start":{"line":9,"column":2},"end":{"line":11,"column":3}},"4":{"start":{"line":9,"column":15},"end":{"line":9,"column":16}},"5":{"start":{"line":10,"column":4},"end":{"line":10,"column":39}},"6":{"start":{"line":13,"column":2},"end":{"line":13,"column":13}},"7":{"start":{"line":16,"column":0},"end":{"line":24,"column":1}},"8":{"start":{"line":17,"column":2},"end":{"line":17,"column":35}},"9":{"start":{"line":17,"column":28},"end":{"line":17,"column":35}},"10":{"start":{"line":18,"column":13},"end":{"line":18,"column":15}},"11":{"start":{"line":20,"column":2},"end":{"line":22,"column":3}},"12":{"start":{"line":20,"column":15},"end":{"line":20,"column":16}},"13":{"start":{"line":21,"column":4},"end":{"line":21,"column":41}},"14":{"start":{"line":23,"column":2},"end":{"line":23,"column":13}}},"fnMap":{"0":{"name":"myMap","decl":{"start":{"line":4,"column":16},"end":{"line":4,"column":21}},"loc":{"start":{"line":4,"column":37},"end":{"line":14,"column":1}},"line":4},"1":{"name":"(anonymous_1)","decl":{"start":{"line":16,"column":24},"end":{"line":16,"column":25}},"loc":{"start":{"line":16,"column":43},"end":{"line":24,"column":1}},"line":16}},"branchMap":{"0":{"loc":{"start":{"line":5,"column":2},"end":{"line":5,"column":34}},"type":"if","locations":[{"start":{"line":5,"column":2},"end":{"line":5,"column":34}},{"start":{},"end":{}}],"line":5},"1":{"loc":{"start":{"line":17,"column":2},"end":{"line":17,"column":35}},"type":"if","locations":[{"start":{"line":17,"column":2},"end":{"line":17,"column":35}},{"start":{},"end":{}}],"line":17}},"s":{"0":1,"1":0,"2":1,"3":1,"4":1,"5":4,"6":1,"7":1,"8":0,"9":0,"10":0,"11":0,"12":0,"13":0,"14":0},"f":{"0":1,"1":0},"b":{"0":[0,1],"1":[0,0]},"_coverageSchema":"1a1c01bbd47fc00a2c39e90264f33305004495a9","hash":"ffca19c3cd2bc0aac4d8ed89e0497c8c773ef929"}
,"/Users/ivan-mbp/WebstormProjects/algos-prep/methods/array/pop()/pop.js": {"path":"/Users/ivan-mbp/WebstormProjects/algos-prep/methods/array/pop()/pop.js","statementMap":{"0":{"start":{"line":4,"column":18},"end":{"line":4,"column":37}},"1":{"start":{"line":5,"column":4},"end":{"line":5,"column":32}},"2":{"start":{"line":6,"column":4},"end":{"line":6,"column":17}},"3":{"start":{"line":9,"column":0},"end":{"line":13,"column":1}},"4":{"start":{"line":10,"column":18},"end":{"line":10,"column":39}},"5":{"start":{"line":11,"column":4},"end":{"line":11,"column":34}},"6":{"start":{"line":12,"column":4},"end":{"line":12,"column":17}}},"fnMap":{"0":{"name":"myPop","decl":{"start":{"line":3,"column":16},"end":{"line":3,"column":21}},"loc":{"start":{"line":3,"column":27},"end":{"line":7,"column":1}},"line":3},"1":{"name":"(anonymous_1)","decl":{"start":{"line":9,"column":24},"end":{"line":9,"column":25}},"loc":{"start":{"line":9,"column":36},"end":{"line":13,"column":1}},"line":9}},"branchMap":{},"s":{"0":1,"1":1,"2":1,"3":1,"4":0,"5":0,"6":0},"f":{"0":1,"1":0},"b":{},"_coverageSchema":"1a1c01bbd47fc00a2c39e90264f33305004495a9","hash":"12777a5b8c1a7b3ac5aa39e74a58bc5c1f81f14e"}
,"/Users/ivan-mbp/WebstormProjects/algos-prep/methods/array/push()/push.js": {"path":"/Users/ivan-mbp/WebstormProjects/algos-prep/methods/array/push()/push.js","statementMap":{"0":{"start":{"line":4,"column":4},"end":{"line":4,"column":36}},"1":{"start":{"line":4,"column":29},"end":{"line":4,"column":36}},"2":{"start":{"line":5,"column":4},"end":{"line":5,"column":25}},"3":{"start":{"line":6,"column":4},"end":{"line":6,"column":22}},"4":{"start":{"line":9,"column":0},"end":{"line":12,"column":1}},"5":{"start":{"line":10,"column":4},"end":{"line":10,"column":37}},"6":{"start":{"line":10,"column":30},"end":{"line":10,"column":37}},"7":{"start":{"line":11,"column":4},"end":{"line":11,"column":34}}},"fnMap":{"0":{"name":"myPush","decl":{"start":{"line":3,"column":16},"end":{"line":3,"column":22}},"loc":{"start":{"line":3,"column":32},"end":{"line":7,"column":1}},"line":3},"1":{"name":"(anonymous_1)","decl":{"start":{"line":9,"column":25},"end":{"line":9,"column":26}},"loc":{"start":{"line":9,"column":39},"end":{"line":12,"column":1}},"line":9}},"branchMap":{"0":{"loc":{"start":{"line":4,"column":4},"end":{"line":4,"column":36}},"type":"if","locations":[{"start":{"line":4,"column":4},"end":{"line":4,"column":36}},{"start":{},"end":{}}],"line":4},"1":{"loc":{"start":{"line":10,"column":4},"end":{"line":10,"column":37}},"type":"if","locations":[{"start":{"line":10,"column":4},"end":{"line":10,"column":37}},{"start":{},"end":{}}],"line":10}},"s":{"0":1,"1":0,"2":1,"3":1,"4":1,"5":0,"6":0,"7":0},"f":{"0":1,"1":0},"b":{"0":[0,1],"1":[0,0]},"_coverageSchema":"1a1c01bbd47fc00a2c39e90264f33305004495a9","hash":"d7ae2e3bb57a29fd1a740c6cecec881f84c6eb0d"}
,"/Users/ivan-mbp/WebstormProjects/algos-prep/methods/array/reduce()/reduce.js": {"path":"/Users/ivan-mbp/WebstormProjects/algos-prep/methods/array/reduce()/reduce.js","statementMap":{"0":{"start":{"line":4,"column":4},"end":{"line":4,"column":36}},"1":{"start":{"line":4,"column":29},"end":{"line":4,"column":36}},"2":{"start":{"line":6,"column":22},"end":{"line":6,"column":39}},"3":{"start":{"line":8,"column":4},"end":{"line":10,"column":5}},"4":{"start":{"line":8,"column":17},"end":{"line":8,"column":18}},"5":{"start":{"line":9,"column":8},"end":{"line":9,"column":60}},"6":{"start":{"line":12,"column":4},"end":{"line":12,"column":23}},"7":{"start":{"line":15,"column":0},"end":{"line":25,"column":1}},"8":{"start":{"line":16,"column":4},"end":{"line":16,"column":37}},"9":{"start":{"line":16,"column":30},"end":{"line":16,"column":37}},"10":{"start":{"line":18,"column":22},"end":{"line":18,"column":39}},"11":{"start":{"line":20,"column":4},"end":{"line":22,"column":5}},"12":{"start":{"line":20,"column":17},"end":{"line":20,"column":18}},"13":{"start":{"line":21,"column":8},"end":{"line":21,"column":62}},"14":{"start":{"line":24,"column":4},"end":{"line":24,"column":23}}},"fnMap":{"0":{"name":"myReduce","decl":{"start":{"line":3,"column":16},"end":{"line":3,"column":24}},"loc":{"start":{"line":3,"column":54},"end":{"line":13,"column":1}},"line":3},"1":{"name":"(anonymous_1)","decl":{"start":{"line":15,"column":27},"end":{"line":15,"column":28}},"loc":{"start":{"line":15,"column":61},"end":{"line":25,"column":1}},"line":15}},"branchMap":{"0":{"loc":{"start":{"line":4,"column":4},"end":{"line":4,"column":36}},"type":"if","locations":[{"start":{"line":4,"column":4},"end":{"line":4,"column":36}},{"start":{},"end":{}}],"line":4},"1":{"loc":{"start":{"line":6,"column":22},"end":{"line":6,"column":39}},"type":"binary-expr","locations":[{"start":{"line":6,"column":22},"end":{"line":6,"column":34}},{"start":{"line":6,"column":38},"end":{"line":6,"column":39}}],"line":6},"2":{"loc":{"start":{"line":16,"column":4},"end":{"line":16,"column":37}},"type":"if","locations":[{"start":{"line":16,"column":4},"end":{"line":16,"column":37}},{"start":{},"end":{}}],"line":16},"3":{"loc":{"start":{"line":18,"column":22},"end":{"line":18,"column":39}},"type":"binary-expr","locations":[{"start":{"line":18,"column":22},"end":{"line":18,"column":34}},{"start":{"line":18,"column":38},"end":{"line":18,"column":39}}],"line":18}},"s":{"0":3,"1":0,"2":3,"3":3,"4":3,"5":15,"6":3,"7":1,"8":0,"9":0,"10":0,"11":0,"12":0,"13":0,"14":0},"f":{"0":3,"1":0},"b":{"0":[0,3],"1":[3,3],"2":[0,0],"3":[0,0]},"_coverageSchema":"1a1c01bbd47fc00a2c39e90264f33305004495a9","hash":"76d14e8e172194c748d13b966848b3d5e4f38006"}
,"/Users/ivan-mbp/WebstormProjects/algos-prep/methods/array/reduceRight()/reduceRight.js": {"path":"/Users/ivan-mbp/WebstormProjects/algos-prep/methods/array/reduceRight()/reduceRight.js","statementMap":{"0":{"start":{"line":4,"column":4},"end":{"line":4,"column":36}},"1":{"start":{"line":4,"column":29},"end":{"line":4,"column":36}},"2":{"start":{"line":6,"column":22},"end":{"line":6,"column":39}},"3":{"start":{"line":8,"column":4},"end":{"line":10,"column":5}},"4":{"start":{"line":8,"column":17},"end":{"line":8,"column":31}},"5":{"start":{"line":9,"column":8},"end":{"line":9,"column":60}},"6":{"start":{"line":12,"column":4},"end":{"line":12,"column":23}},"7":{"start":{"line":15,"column":0},"end":{"line":25,"column":1}},"8":{"start":{"line":16,"column":4},"end":{"line":16,"column":37}},"9":{"start":{"line":16,"column":30},"end":{"line":16,"column":37}},"10":{"start":{"line":18,"column":22},"end":{"line":18,"column":39}},"11":{"start":{"line":20,"column":4},"end":{"line":22,"column":5}},"12":{"start":{"line":20,"column":17},"end":{"line":20,"column":32}},"13":{"start":{"line":21,"column":8},"end":{"line":21,"column":62}},"14":{"start":{"line":24,"column":4},"end":{"line":24,"column":23}}},"fnMap":{"0":{"name":"myReduceRight","decl":{"start":{"line":3,"column":16},"end":{"line":3,"column":29}},"loc":{"start":{"line":3,"column":59},"end":{"line":13,"column":1}},"line":3},"1":{"name":"(anonymous_1)","decl":{"start":{"line":15,"column":32},"end":{"line":15,"column":33}},"loc":{"start":{"line":15,"column":66},"end":{"line":25,"column":1}},"line":15}},"branchMap":{"0":{"loc":{"start":{"line":4,"column":4},"end":{"line":4,"column":36}},"type":"if","locations":[{"start":{"line":4,"column":4},"end":{"line":4,"column":36}},{"start":{},"end":{}}],"line":4},"1":{"loc":{"start":{"line":6,"column":22},"end":{"line":6,"column":39}},"type":"binary-expr","locations":[{"start":{"line":6,"column":22},"end":{"line":6,"column":34}},{"start":{"line":6,"column":38},"end":{"line":6,"column":39}}],"line":6},"2":{"loc":{"start":{"line":16,"column":4},"end":{"line":16,"column":37}},"type":"if","locations":[{"start":{"line":16,"column":4},"end":{"line":16,"column":37}},{"start":{},"end":{}}],"line":16},"3":{"loc":{"start":{"line":18,"column":22},"end":{"line":18,"column":39}},"type":"binary-expr","locations":[{"start":{"line":18,"column":22},"end":{"line":18,"column":34}},{"start":{"line":18,"column":38},"end":{"line":18,"column":39}}],"line":18}},"s":{"0":3,"1":0,"2":3,"3":3,"4":3,"5":15,"6":3,"7":1,"8":0,"9":0,"10":0,"11":0,"12":0,"13":0,"14":0},"f":{"0":3,"1":0},"b":{"0":[0,3],"1":[3,3],"2":[0,0],"3":[0,0]},"_coverageSchema":"1a1c01bbd47fc00a2c39e90264f33305004495a9","hash":"e30ee029ae923887b2d339080b837da1547e30d8"}
,"/Users/ivan-mbp/WebstormProjects/algos-prep/methods/array/reverse()/reverse.js": {"path":"/Users/ivan-mbp/WebstormProjects/algos-prep/methods/array/reverse()/reverse.js","statementMap":{"0":{"start":{"line":4,"column":4},"end":{"line":4,"column":36}},"1":{"start":{"line":4,"column":29},"end":{"line":4,"column":36}},"2":{"start":{"line":6,"column":4},"end":{"line":13,"column":5}},"3":{"start":{"line":6,"column":17},"end":{"line":6,"column":18}},"4":{"start":{"line":7,"column":26},"end":{"line":7,"column":32}},"5":{"start":{"line":8,"column":27},"end":{"line":8,"column":50}},"6":{"start":{"line":9,"column":18},"end":{"line":9,"column":29}},"7":{"start":{"line":11,"column":8},"end":{"line":11,"column":30}},"8":{"start":{"line":12,"column":8},"end":{"line":12,"column":38}},"9":{"start":{"line":15,"column":4},"end":{"line":15,"column":15}},"10":{"start":{"line":18,"column":0},"end":{"line":31,"column":1}},"11":{"start":{"line":19,"column":4},"end":{"line":19,"column":37}},"12":{"start":{"line":19,"column":30},"end":{"line":19,"column":37}},"13":{"start":{"line":21,"column":4},"end":{"line":28,"column":5}},"14":{"start":{"line":21,"column":17},"end":{"line":21,"column":18}},"15":{"start":{"line":22,"column":26},"end":{"line":22,"column":33}},"16":{"start":{"line":23,"column":27},"end":{"line":23,"column":52}},"17":{"start":{"line":24,"column":18},"end":{"line":24,"column":29}},"18":{"start":{"line":26,"column":8},"end":{"line":26,"column":31}},"19":{"start":{"line":27,"column":8},"end":{"line":27,"column":40}},"20":{"start":{"line":30,"column":4},"end":{"line":30,"column":16}}},"fnMap":{"0":{"name":"myReverse","decl":{"start":{"line":3,"column":16},"end":{"line":3,"column":25}},"loc":{"start":{"line":3,"column":31},"end":{"line":16,"column":1}},"line":3},"1":{"name":"(anonymous_1)","decl":{"start":{"line":18,"column":28},"end":{"line":18,"column":29}},"loc":{"start":{"line":18,"column":39},"end":{"line":31,"column":1}},"line":18}},"branchMap":{"0":{"loc":{"start":{"line":4,"column":4},"end":{"line":4,"column":36}},"type":"if","locations":[{"start":{"line":4,"column":4},"end":{"line":4,"column":36}},{"start":{},"end":{}}],"line":4},"1":{"loc":{"start":{"line":19,"column":4},"end":{"line":19,"column":37}},"type":"if","locations":[{"start":{"line":19,"column":4},"end":{"line":19,"column":37}},{"start":{},"end":{}}],"line":19}},"s":{"0":2,"1":0,"2":2,"3":2,"4":6,"5":6,"6":6,"7":6,"8":6,"9":2,"10":1,"11":0,"12":0,"13":0,"14":0,"15":0,"16":0,"17":0,"18":0,"19":0,"20":0},"f":{"0":2,"1":0},"b":{"0":[0,2],"1":[0,0]},"_coverageSchema":"1a1c01bbd47fc00a2c39e90264f33305004495a9","hash":"1161c7f2c0dc78c70b665f2276830480e8bbe635"}
,"/Users/ivan-mbp/WebstormProjects/algos-prep/methods/array/shift()/shift.js": {"path":"/Users/ivan-mbp/WebstormProjects/algos-prep/methods/array/shift()/shift.js","statementMap":{"0":{"start":{"line":4,"column":16},"end":{"line":4,"column":22}},"1":{"start":{"line":6,"column":4},"end":{"line":8,"column":5}},"2":{"start":{"line":6,"column":17},"end":{"line":6,"column":18}},"3":{"start":{"line":7,"column":8},"end":{"line":7,"column":28}},"4":{"start":{"line":10,"column":4},"end":{"line":10,"column":32}},"5":{"start":{"line":11,"column":4},"end":{"line":11,"column":17}},"6":{"start":{"line":14,"column":0},"end":{"line":23,"column":1}},"7":{"start":{"line":15,"column":16},"end":{"line":15,"column":23}},"8":{"start":{"line":17,"column":4},"end":{"line":19,"column":5}},"9":{"start":{"line":17,"column":17},"end":{"line":17,"column":18}},"10":{"start":{"line":18,"column":8},"end":{"line":18,"column":30}},"11":{"start":{"line":21,"column":4},"end":{"line":21,"column":34}},"12":{"start":{"line":22,"column":4},"end":{"line":22,"column":17}}},"fnMap":{"0":{"name":"myShift","decl":{"start":{"line":3,"column":16},"end":{"line":3,"column":23}},"loc":{"start":{"line":3,"column":29},"end":{"line":12,"column":1}},"line":3},"1":{"name":"(anonymous_1)","decl":{"start":{"line":14,"column":26},"end":{"line":14,"column":27}},"loc":{"start":{"line":14,"column":38},"end":{"line":23,"column":1}},"line":14}},"branchMap":{},"s":{"0":1,"1":1,"2":1,"3":5,"4":1,"5":1,"6":1,"7":0,"8":0,"9":0,"10":0,"11":0,"12":0},"f":{"0":1,"1":0},"b":{},"_coverageSchema":"1a1c01bbd47fc00a2c39e90264f33305004495a9","hash":"f648e96b7b49336316eaa0d6bba96de1166ae6fb"}
,"/Users/ivan-mbp/WebstormProjects/algos-prep/methods/array/slice()/slice.js": {"path":"/Users/ivan-mbp/WebstormProjects/algos-prep/methods/array/slice()/slice.js","statementMap":{"0":{"start":{"line":4,"column":4},"end":{"line":4,"column":36}},"1":{"start":{"line":4,"column":29},"end":{"line":4,"column":36}},"2":{"start":{"line":6,"column":14},"end":{"line":6,"column":16}},"3":{"start":{"line":7,"column":12},"end":{"line":7,"column":22}},"4":{"start":{"line":8,"column":17},"end":{"line":8,"column":34}},"5":{"start":{"line":10,"column":4},"end":{"line":12,"column":5}},"6":{"start":{"line":11,"column":8},"end":{"line":11,"column":31}},"7":{"start":{"line":14,"column":4},"end":{"line":16,"column":5}},"8":{"start":{"line":15,"column":8},"end":{"line":15,"column":34}},"9":{"start":{"line":18,"column":4},"end":{"line":20,"column":5}},"10":{"start":{"line":19,"column":8},"end":{"line":19,"column":25}},"11":{"start":{"line":22,"column":4},"end":{"line":22,"column":15}},"12":{"start":{"line":25,"column":0},"end":{"line":45,"column":1}},"13":{"start":{"line":26,"column":4},"end":{"line":26,"column":37}},"14":{"start":{"line":26,"column":30},"end":{"line":26,"column":37}},"15":{"start":{"line":28,"column":14},"end":{"line":28,"column":16}},"16":{"start":{"line":29,"column":12},"end":{"line":29,"column":22}},"17":{"start":{"line":30,"column":17},"end":{"line":30,"column":35}},"18":{"start":{"line":32,"column":4},"end":{"line":34,"column":5}},"19":{"start":{"line":33,"column":8},"end":{"line":33,"column":32}},"20":{"start":{"line":36,"column":4},"end":{"line":38,"column":5}},"21":{"start":{"line":37,"column":8},"end":{"line":37,"column":35}},"22":{"start":{"line":40,"column":4},"end":{"line":42,"column":5}},"23":{"start":{"line":41,"column":8},"end":{"line":41,"column":26}},"24":{"start":{"line":44,"column":4},"end":{"line":44,"column":15}}},"fnMap":{"0":{"name":"mySlice","decl":{"start":{"line":3,"column":16},"end":{"line":3,"column":23}},"loc":{"start":{"line":3,"column":41},"end":{"line":23,"column":1}},"line":3},"1":{"name":"(anonymous_1)","decl":{"start":{"line":25,"column":26},"end":{"line":25,"column":27}},"loc":{"start":{"line":25,"column":48},"end":{"line":45,"column":1}},"line":25}},"branchMap":{"0":{"loc":{"start":{"line":4,"column":4},"end":{"line":4,"column":36}},"type":"if","locations":[{"start":{"line":4,"column":4},"end":{"line":4,"column":36}},{"start":{},"end":{}}],"line":4},"1":{"loc":{"start":{"line":7,"column":12},"end":{"line":7,"column":22}},"type":"binary-expr","locations":[{"start":{"line":7,"column":12},"end":{"line":7,"column":17}},{"start":{"line":7,"column":21},"end":{"line":7,"column":22}}],"line":7},"2":{"loc":{"start":{"line":8,"column":17},"end":{"line":8,"column":34}},"type":"binary-expr","locations":[{"start":{"line":8,"column":17},"end":{"line":8,"column":20}},{"start":{"line":8,"column":24},"end":{"line":8,"column":34}}],"line":8},"3":{"loc":{"start":{"line":10,"column":4},"end":{"line":12,"column":5}},"type":"if","locations":[{"start":{"line":10,"column":4},"end":{"line":12,"column":5}},{"start":{},"end":{}}],"line":10},"4":{"loc":{"start":{"line":14,"column":4},"end":{"line":16,"column":5}},"type":"if","locations":[{"start":{"line":14,"column":4},"end":{"line":16,"column":5}},{"start":{},"end":{}}],"line":14},"5":{"loc":{"start":{"line":26,"column":4},"end":{"line":26,"column":37}},"type":"if","locations":[{"start":{"line":26,"column":4},"end":{"line":26,"column":37}},{"start":{},"end":{}}],"line":26},"6":{"loc":{"start":{"line":29,"column":12},"end":{"line":29,"column":22}},"type":"binary-expr","locations":[{"start":{"line":29,"column":12},"end":{"line":29,"column":17}},{"start":{"line":29,"column":21},"end":{"line":29,"column":22}}],"line":29},"7":{"loc":{"start":{"line":30,"column":17},"end":{"line":30,"column":35}},"type":"binary-expr","locations":[{"start":{"line":30,"column":17},"end":{"line":30,"column":20}},{"start":{"line":30,"column":24},"end":{"line":30,"column":35}}],"line":30},"8":{"loc":{"start":{"line":32,"column":4},"end":{"line":34,"column":5}},"type":"if","locations":[{"start":{"line":32,"column":4},"end":{"line":34,"column":5}},{"start":{},"end":{}}],"line":32},"9":{"loc":{"start":{"line":36,"column":4},"end":{"line":38,"column":5}},"type":"if","locations":[{"start":{"line":36,"column":4},"end":{"line":38,"column":5}},{"start":{},"end":{}}],"line":36}},"s":{"0":4,"1":0,"2":4,"3":4,"4":4,"5":4,"6":1,"7":4,"8":1,"9":4,"10":13,"11":4,"12":1,"13":0,"14":0,"15":0,"16":0,"17":0,"18":0,"19":0,"20":0,"21":0,"22":0,"23":0,"24":0},"f":{"0":4,"1":0},"b":{"0":[0,4],"1":[4,1],"2":[4,3],"3":[1,3],"4":[1,3],"5":[0,0],"6":[0,0],"7":[0,0],"8":[0,0],"9":[0,0]},"_coverageSchema":"1a1c01bbd47fc00a2c39e90264f33305004495a9","hash":"dcc63f3241fad7f7cbeeb0d3ec93b8c62a8999d0"}
,"/Users/ivan-mbp/WebstormProjects/algos-prep/methods/array/some()/some.js": {"path":"/Users/ivan-mbp/WebstormProjects/algos-prep/methods/array/some()/some.js","statementMap":{"0":{"start":{"line":4,"column":4},"end":{"line":4,"column":36}},"1":{"start":{"line":4,"column":29},"end":{"line":4,"column":36}},"2":{"start":{"line":6,"column":4},"end":{"line":8,"column":5}},"3":{"start":{"line":6,"column":17},"end":{"line":6,"column":18}},"4":{"start":{"line":7,"column":8},"end":{"line":7,"column":50}},"5":{"start":{"line":7,"column":38},"end":{"line":7,"column":50}},"6":{"start":{"line":10,"column":4},"end":{"line":10,"column":17}},"7":{"start":{"line":13,"column":0},"end":{"line":21,"column":1}},"8":{"start":{"line":14,"column":4},"end":{"line":14,"column":37}},"9":{"start":{"line":14,"column":30},"end":{"line":14,"column":37}},"10":{"start":{"line":16,"column":4},"end":{"line":18,"column":5}},"11":{"start":{"line":16,"column":17},"end":{"line":16,"column":18}},"12":{"start":{"line":17,"column":8},"end":{"line":17,"column":52}},"13":{"start":{"line":17,"column":40},"end":{"line":17,"column":52}},"14":{"start":{"line":20,"column":4},"end":{"line":20,"column":17}}},"fnMap":{"0":{"name":"mySome","decl":{"start":{"line":3,"column":16},"end":{"line":3,"column":22}},"loc":{"start":{"line":3,"column":38},"end":{"line":11,"column":1}},"line":3},"1":{"name":"(anonymous_1)","decl":{"start":{"line":13,"column":25},"end":{"line":13,"column":26}},"loc":{"start":{"line":13,"column":45},"end":{"line":21,"column":1}},"line":13}},"branchMap":{"0":{"loc":{"start":{"line":4,"column":4},"end":{"line":4,"column":36}},"type":"if","locations":[{"start":{"line":4,"column":4},"end":{"line":4,"column":36}},{"start":{},"end":{}}],"line":4},"1":{"loc":{"start":{"line":7,"column":8},"end":{"line":7,"column":50}},"type":"if","locations":[{"start":{"line":7,"column":8},"end":{"line":7,"column":50}},{"start":{},"end":{}}],"line":7},"2":{"loc":{"start":{"line":14,"column":4},"end":{"line":14,"column":37}},"type":"if","locations":[{"start":{"line":14,"column":4},"end":{"line":14,"column":37}},{"start":{},"end":{}}],"line":14},"3":{"loc":{"start":{"line":17,"column":8},"end":{"line":17,"column":52}},"type":"if","locations":[{"start":{"line":17,"column":8},"end":{"line":17,"column":52}},{"start":{},"end":{}}],"line":17}},"s":{"0":2,"1":0,"2":2,"3":2,"4":7,"5":1,"6":1,"7":1,"8":0,"9":0,"10":0,"11":0,"12":0,"13":0,"14":0},"f":{"0":2,"1":0},"b":{"0":[0,2],"1":[1,6],"2":[0,0],"3":[0,0]},"_coverageSchema":"1a1c01bbd47fc00a2c39e90264f33305004495a9","hash":"a26afd44a52bf2896de93d3d23895f475f004d4c"}
,"/Users/ivan-mbp/WebstormProjects/algos-prep/methods/array/toString()/toString.js": {"path":"/Users/ivan-mbp/WebstormProjects/algos-prep/methods/array/toString()/toString.js","statementMap":{"0":{"start":{"line":4,"column":4},"end":{"line":4,"column":36}},"1":{"start":{"line":4,"column":29},"end":{"line":4,"column":36}},"2":{"start":{"line":5,"column":4},"end":{"line":5,"column":20}},"3":{"start":{"line":8,"column":0},"end":{"line":11,"column":1}},"4":{"start":{"line":9,"column":4},"end":{"line":9,"column":37}},"5":{"start":{"line":9,"column":30},"end":{"line":9,"column":37}},"6":{"start":{"line":10,"column":4},"end":{"line":10,"column":21}}},"fnMap":{"0":{"name":"myToString","decl":{"start":{"line":3,"column":16},"end":{"line":3,"column":26}},"loc":{"start":{"line":3,"column":32},"end":{"line":6,"column":1}},"line":3},"1":{"name":"(anonymous_1)","decl":{"start":{"line":8,"column":29},"end":{"line":8,"column":30}},"loc":{"start":{"line":8,"column":41},"end":{"line":11,"column":1}},"line":8}},"branchMap":{"0":{"loc":{"start":{"line":4,"column":4},"end":{"line":4,"column":36}},"type":"if","locations":[{"start":{"line":4,"column":4},"end":{"line":4,"column":36}},{"start":{},"end":{}}],"line":4},"1":{"loc":{"start":{"line":9,"column":4},"end":{"line":9,"column":37}},"type":"if","locations":[{"start":{"line":9,"column":4},"end":{"line":9,"column":37}},{"start":{},"end":{}}],"line":9}},"s":{"0":2,"1":0,"2":2,"3":1,"4":0,"5":0,"6":0},"f":{"0":2,"1":0},"b":{"0":[0,2],"1":[0,0]},"_coverageSchema":"1a1c01bbd47fc00a2c39e90264f33305004495a9","hash":"a6099a5e7674ac661762bb2c561942046dbbf03b"}
,"/Users/ivan-mbp/WebstormProjects/algos-prep/methods/array/unshift()/unshift.js": {"path":"/Users/ivan-mbp/WebstormProjects/algos-prep/methods/array/unshift()/unshift.js","statementMap":{"0":{"start":{"line":4,"column":12},"end":{"line":4,"column":42}},"1":{"start":{"line":6,"column":4},"end":{"line":8,"column":5}},"2":{"start":{"line":7,"column":8},"end":{"line":7,"column":40}},"3":{"start":{"line":10,"column":4},"end":{"line":12,"column":5}},"4":{"start":{"line":11,"column":8},"end":{"line":11,"column":27}},"5":{"start":{"line":14,"column":4},"end":{"line":14,"column":22}},"6":{"start":{"line":17,"column":0},"end":{"line":29,"column":1}},"7":{"start":{"line":18,"column":11},"end":{"line":18,"column":41}},"8":{"start":{"line":20,"column":4},"end":{"line":22,"column":5}},"9":{"start":{"line":21,"column":8},"end":{"line":21,"column":42}},"10":{"start":{"line":24,"column":4},"end":{"line":26,"column":5}},"11":{"start":{"line":25,"column":8},"end":{"line":25,"column":28}},"12":{"start":{"line":28,"column":4},"end":{"line":28,"column":16}}},"fnMap":{"0":{"name":"myUnshift","decl":{"start":{"line":3,"column":16},"end":{"line":3,"column":25}},"loc":{"start":{"line":3,"column":42},"end":{"line":15,"column":1}},"line":3},"1":{"name":"(anonymous_1)","decl":{"start":{"line":17,"column":28},"end":{"line":17,"column":29}},"loc":{"start":{"line":17,"column":49},"end":{"line":29,"column":1}},"line":17}},"branchMap":{},"s":{"0":1,"1":1,"2":5,"3":1,"4":0,"5":1,"6":1,"7":0,"8":0,"9":0,"10":0,"11":0,"12":0},"f":{"0":1,"1":0},"b":{},"_coverageSchema":"1a1c01bbd47fc00a2c39e90264f33305004495a9","hash":"40af9d6a6fdde18b26c15988ee41dc1963854e38"}
,"/Users/ivan-mbp/WebstormProjects/algos-prep/methods/array/values()/values.js": {"path":"/Users/ivan-mbp/WebstormProjects/algos-prep/methods/array/values()/values.js","statementMap":{"0":{"start":{"line":5,"column":8},"end":{"line":7,"column":9}},"1":{"start":{"line":5,"column":21},"end":{"line":5,"column":22}},"2":{"start":{"line":6,"column":12},"end":{"line":6,"column":25}},"3":{"start":{"line":9,"column":4},"end":{"line":9,"column":29}}},"fnMap":{"0":{"name":"myValues","decl":{"start":{"line":3,"column":16},"end":{"line":3,"column":24}},"loc":{"start":{"line":3,"column":31},"end":{"line":10,"column":1}},"line":3},"1":{"name":"createGenerator","decl":{"start":{"line":4,"column":14},"end":{"line":4,"column":29}},"loc":{"start":{"line":4,"column":32},"end":{"line":8,"column":5}},"line":4}},"branchMap":{},"s":{"0":1,"1":1,"2":1,"3":1},"f":{"0":1,"1":1},"b":{},"_coverageSchema":"1a1c01bbd47fc00a2c39e90264f33305004495a9","hash":"bfa89af91099fa17f2ec9f093171c988d0498e0f"}
}
