TN:
SF:methods/array/at()/at.js
FN:3,myAt
FN:8,(anonymous_1)
FNF:2
FNH:1
FNDA:2,myAt
FNDA:0,(anonymous_1)
DA:4,2
DA:5,2
DA:8,1
DA:9,0
DA:11,0
LF:5
LH:3
BRDA:4,0,0,0
BRDA:4,0,1,2
BRDA:5,1,0,1
BRDA:5,1,1,1
BRDA:9,2,0,0
BRDA:9,2,1,0
BRDA:11,3,0,0
BRDA:11,3,1,0
BRF:8
BRH:3
end_of_record
TN:
SF:methods/array/concat()/concat.js
FN:3,myConcat
FN:17,(anonymous_1)
FNF:2
FNH:1
FNDA:3,myConcat
FNDA:0,(anonymous_1)
DA:4,3
DA:6,3
DA:7,4
DA:8,4
DA:10,0
DA:14,3
DA:17,1
DA:18,0
DA:20,0
DA:21,0
DA:22,0
DA:24,0
DA:28,0
LF:13
LH:6
BRDA:7,0,0,4
BRDA:7,0,1,0
BRDA:21,1,0,0
BRDA:21,1,1,0
BRF:4
BRH:1
end_of_record
TN:
SF:methods/array/entries()/entries.js
FN:3,myEntries
FN:4,createGenerator
FNF:2
FNH:2
FNDA:1,myEntries
FNDA:1,createGenerator
DA:5,1
DA:6,1
DA:9,1
LF:3
LH:3
BRF:0
BRH:0
end_of_record
TN:
SF:methods/array/every()/every.js
FN:4,myEvery
FN:14,(anonymous_1)
FNF:2
FNH:1
FNDA:2,myEvery
FNDA:0,(anonymous_1)
DA:5,2
DA:7,2
DA:8,9
DA:11,1
DA:14,1
DA:15,0
DA:17,0
DA:18,0
DA:21,0
LF:9
LH:5
BRDA:5,0,0,0
BRDA:5,0,1,2
BRDA:8,1,0,1
BRDA:8,1,1,8
BRDA:15,2,0,0
BRDA:15,2,1,0
BRDA:18,3,0,0
BRDA:18,3,1,0
BRF:8
BRH:3
end_of_record
TN:
SF:methods/array/fill()/fill.js
FN:3,myFill
FN:16,(anonymous_1)
FNF:2
FNH:1
FNDA:3,myFill
FNDA:0,(anonymous_1)
DA:4,3
DA:6,3
DA:7,3
DA:9,3
DA:10,11
DA:13,3
DA:16,1
DA:17,0
DA:19,0
DA:20,0
DA:22,0
DA:23,0
DA:26,0
LF:13
LH:7
BRDA:4,0,0,0
BRDA:4,0,1,3
BRDA:6,1,0,3
BRDA:6,1,1,1
BRDA:7,2,0,3
BRDA:7,2,1,2
BRDA:17,3,0,0
BRDA:17,3,1,0
BRDA:19,4,0,0
BRDA:19,4,1,0
BRDA:20,5,0,0
BRDA:20,5,1,0
BRF:12
BRH:5
end_of_record
TN:
SF:methods/array/filter()/filter.js
FN:3,myFilter
FN:13,(anonymous_1)
FNF:2
FNH:1
FNDA:2,myFilter
FNDA:0,(anonymous_1)
DA:4,2
DA:6,2
DA:7,12
DA:10,2
DA:13,1
DA:14,0
DA:16,0
DA:17,0
DA:20,0
LF:9
LH:5
BRDA:7,0,0,3
BRDA:7,0,1,9
BRDA:17,1,0,0
BRDA:17,1,1,0
BRF:4
BRH:2
end_of_record
TN:
SF:methods/array/find()/find.js
FN:3,myFind
FN:11,(anonymous_1)
FNF:2
FNH:1
FNDA:2,myFind
FNDA:0,(anonymous_1)
DA:4,2
DA:5,7
DA:8,1
DA:11,1
DA:12,0
DA:13,0
DA:16,0
LF:7
LH:4
BRDA:5,0,0,1
BRDA:5,0,1,6
BRDA:13,1,0,0
BRDA:13,1,1,0
BRF:4
BRH:2
end_of_record
TN:
SF:methods/array/findIndex()/findIndex.js
FN:3,myFindIndex
FN:11,(anonymous_1)
FNF:2
FNH:1
FNDA:2,myFindIndex
FNDA:0,(anonymous_1)
DA:4,2
DA:5,9
DA:8,1
DA:11,1
DA:12,0
DA:13,0
DA:15,0
LF:7
LH:4
BRDA:5,0,0,1
BRDA:5,0,1,8
BRDA:13,1,0,0
BRDA:13,1,1,0
BRF:4
BRH:2
end_of_record
TN:
SF:methods/array/findLast()/findLast.js
FN:3,myFindLast
FN:11,(anonymous_1)
FNF:2
FNH:1
FNDA:2,myFindLast
FNDA:0,(anonymous_1)
DA:4,2
DA:5,8
DA:8,1
DA:11,1
DA:12,0
DA:13,0
DA:15,0
LF:7
LH:4
BRDA:5,0,0,1
BRDA:5,0,1,7
BRDA:13,1,0,0
BRDA:13,1,1,0
BRF:4
BRH:2
end_of_record
TN:
SF:methods/array/findLastIndex()/findLastIndex.js
FN:3,myFindLastIndex
FN:11,(anonymous_1)
FNF:2
FNH:1
FNDA:2,myFindLastIndex
FNDA:0,(anonymous_1)
DA:4,2
DA:5,8
DA:8,1
DA:11,1
DA:12,0
DA:13,0
DA:16,0
LF:7
LH:4
BRDA:5,0,0,1
BRDA:5,0,1,7
BRDA:13,1,0,0
BRDA:13,1,1,0
BRF:4
BRH:2
end_of_record
TN:
SF:methods/array/flat()/flat.js
FN:3,myFlat
FN:17,(anonymous_1)
FNF:2
FNH:1
FNDA:10,myFlat
FNDA:0,(anonymous_1)
DA:4,10
DA:6,10
DA:7,23
DA:8,7
DA:10,16
DA:14,10
DA:17,1
DA:18,0
DA:20,0
DA:21,0
DA:22,0
DA:24,0
DA:28,0
LF:13
LH:7
BRDA:3,0,0,1
BRDA:7,1,0,7
BRDA:7,1,1,16
BRDA:7,2,0,23
BRDA:7,2,1,8
BRDA:17,3,0,0
BRDA:21,4,0,0
BRDA:21,4,1,0
BRDA:21,5,0,0
BRDA:21,5,1,0
BRF:10
BRH:5
end_of_record
TN:
SF:methods/array/forEach()/forEach.js
FN:3,myForEach
FN:11,(anonymous_1)
FNF:2
FNH:1
FNDA:1,myForEach
FNDA:0,(anonymous_1)
DA:4,1
DA:6,1
DA:7,1
DA:11,1
DA:12,0
DA:14,0
DA:15,0
LF:7
LH:4
BRDA:4,0,0,0
BRDA:4,0,1,1
BRDA:7,1,0,1
BRDA:7,1,1,0
BRDA:12,2,0,0
BRDA:12,2,1,0
BRDA:15,3,0,0
BRDA:15,3,1,0
BRF:8
BRH:2
end_of_record
TN:
SF:methods/array/includes()/includes.js
FN:3,myIncludes
FN:11,(anonymous_1)
FNF:2
FNH:1
FNDA:3,myIncludes
FNDA:0,(anonymous_1)
DA:4,3
DA:5,10
DA:8,1
DA:11,1
DA:12,0
DA:13,0
DA:16,0
LF:7
LH:4
BRDA:5,0,0,2
BRDA:5,0,1,8
BRDA:13,1,0,0
BRDA:13,1,1,0
BRF:4
BRH:2
end_of_record
TN:
SF:methods/array/indexOf()/indexOf.js
FN:3,myIndexOf
FN:13,(anonymous_1)
FNF:2
FNH:1
FNDA:3,myIndexOf
FNDA:0,(anonymous_1)
DA:4,3
DA:6,3
DA:7,7
DA:10,1
DA:13,1
DA:14,0
DA:16,0
DA:17,0
DA:20,0
LF:9
LH:5
BRDA:4,0,0,0
BRDA:4,0,1,3
BRDA:7,1,0,2
BRDA:7,1,1,5
BRDA:14,2,0,0
BRDA:14,2,1,0
BRDA:17,3,0,0
BRDA:17,3,1,0
BRF:8
BRH:3
end_of_record
TN:
SF:methods/array/join()/join.js
FN:3,myJoin
FN:25,(anonymous_1)
FNF:2
FNH:1
FNDA:3,myJoin
FNDA:0,(anonymous_1)
DA:4,3
DA:6,3
DA:8,3
DA:9,9
DA:10,5
DA:11,1
DA:13,4
DA:15,4
DA:16,2
DA:18,2
DA:22,3
DA:25,1
DA:26,0
DA:28,0
DA:30,0
DA:31,0
DA:32,0
DA:33,0
DA:35,0
DA:37,0
DA:38,0
DA:40,0
DA:44,0
LF:23
LH:12
BRDA:4,0,0,0
BRDA:4,0,1,3
BRDA:9,1,0,5
BRDA:9,1,1,4
BRDA:9,2,0,9
BRDA:9,2,1,6
BRDA:9,2,2,3
BRDA:10,3,0,1
BRDA:10,3,1,4
BRDA:15,4,0,2
BRDA:15,4,1,2
BRDA:15,5,0,4
BRDA:15,5,1,4
BRDA:26,6,0,0
BRDA:26,6,1,0
BRDA:31,7,0,0
BRDA:31,7,1,0
BRDA:31,8,0,0
BRDA:31,8,1,0
BRDA:31,8,2,0
BRDA:32,9,0,0
BRDA:32,9,1,0
BRDA:37,10,0,0
BRDA:37,10,1,0
BRDA:37,11,0,0
BRDA:37,11,1,0
BRF:26
BRH:12
end_of_record
TN:
SF:methods/array/keys/keys.js
FN:3,myKeys
FN:4,createGenerator
FNF:2
FNH:2
FNDA:1,myKeys
FNDA:1,createGenerator
DA:5,1
DA:6,1
DA:9,1
LF:3
LH:3
BRF:0
BRH:0
end_of_record
TN:
SF:methods/array/lastIndexOf()/lastIndexOf.js
FN:3,myLastIndexOf
FN:13,(anonymous_1)
FNF:2
FNH:1
FNDA:3,myLastIndexOf
FNDA:0,(anonymous_1)
DA:4,3
DA:6,3
DA:7,14
DA:10,2
DA:13,1
DA:14,0
DA:16,0
DA:17,0
DA:20,0
LF:9
LH:5
BRDA:4,0,0,0
BRDA:4,0,1,3
BRDA:7,1,0,1
BRDA:7,1,1,13
BRDA:14,2,0,0
BRDA:14,2,1,0
BRDA:17,3,0,0
BRDA:17,3,1,0
BRF:8
BRH:3
end_of_record
TN:
SF:methods/array/map()/map.js
FN:4,myMap
FN:16,(anonymous_1)
FNF:2
FNH:1
FNDA:1,myMap
FNDA:0,(anonymous_1)
DA:5,1
DA:7,1
DA:9,1
DA:10,4
DA:13,1
DA:16,1
DA:17,0
DA:18,0
DA:20,0
DA:21,0
DA:23,0
LF:11
LH:6
BRDA:5,0,0,0
BRDA:5,0,1,1
BRDA:17,1,0,0
BRDA:17,1,1,0
BRF:4
BRH:1
end_of_record
TN:
SF:methods/array/pop()/pop.js
FN:3,myPop
FN:9,(anonymous_1)
FNF:2
FNH:1
FNDA:1,myPop
FNDA:0,(anonymous_1)
DA:4,1
DA:5,1
DA:6,1
DA:9,1
DA:10,0
DA:11,0
DA:12,0
LF:7
LH:4
BRF:0
BRH:0
end_of_record
TN:
SF:methods/array/push()/push.js
FN:3,myPush
FN:9,(anonymous_1)
FNF:2
FNH:1
FNDA:1,myPush
FNDA:0,(anonymous_1)
DA:4,1
DA:5,1
DA:6,1
DA:9,1
DA:10,0
DA:11,0
LF:6
LH:4
BRDA:4,0,0,0
BRDA:4,0,1,1
BRDA:10,1,0,0
BRDA:10,1,1,0
BRF:4
BRH:1
end_of_record
TN:
SF:methods/array/reduce()/reduce.js
FN:3,myReduce
FN:15,(anonymous_1)
FNF:2
FNH:1
FNDA:3,myReduce
FNDA:0,(anonymous_1)
DA:4,3
DA:6,3
DA:8,3
DA:9,15
DA:12,3
DA:15,1
DA:16,0
DA:18,0
DA:20,0
DA:21,0
DA:24,0
LF:11
LH:6
BRDA:4,0,0,0
BRDA:4,0,1,3
BRDA:6,1,0,3
BRDA:6,1,1,3
BRDA:16,2,0,0
BRDA:16,2,1,0
BRDA:18,3,0,0
BRDA:18,3,1,0
BRF:8
BRH:3
end_of_record
TN:
SF:methods/array/reduceRight()/reduceRight.js
FN:3,myReduceRight
FN:15,(anonymous_1)
FNF:2
FNH:1
FNDA:3,myReduceRight
FNDA:0,(anonymous_1)
DA:4,3
DA:6,3
DA:8,3
DA:9,15
DA:12,3
DA:15,1
DA:16,0
DA:18,0
DA:20,0
DA:21,0
DA:24,0
LF:11
LH:6
BRDA:4,0,0,0
BRDA:4,0,1,3
BRDA:6,1,0,3
BRDA:6,1,1,3
BRDA:16,2,0,0
BRDA:16,2,1,0
BRDA:18,3,0,0
BRDA:18,3,1,0
BRF:8
BRH:3
end_of_record
TN:
SF:methods/array/reverse()/reverse.js
FN:3,myReverse
FN:18,(anonymous_1)
FNF:2
FNH:1
FNDA:2,myReverse
FNDA:0,(anonymous_1)
DA:4,2
DA:6,2
DA:7,6
DA:8,6
DA:9,6
DA:11,6
DA:12,6
DA:15,2
DA:18,1
DA:19,0
DA:21,0
DA:22,0
DA:23,0
DA:24,0
DA:26,0
DA:27,0
DA:30,0
LF:17
LH:9
BRDA:4,0,0,0
BRDA:4,0,1,2
BRDA:19,1,0,0
BRDA:19,1,1,0
BRF:4
BRH:1
end_of_record
TN:
SF:methods/array/shift()/shift.js
FN:3,myShift
FN:14,(anonymous_1)
FNF:2
FNH:1
FNDA:1,myShift
FNDA:0,(anonymous_1)
DA:4,1
DA:6,1
DA:7,5
DA:10,1
DA:11,1
DA:14,1
DA:15,0
DA:17,0
DA:18,0
DA:21,0
DA:22,0
LF:11
LH:6
BRF:0
BRH:0
end_of_record
TN:
SF:methods/array/slice()/slice.js
FN:3,mySlice
FN:25,(anonymous_1)
FNF:2
FNH:1
FNDA:4,mySlice
FNDA:0,(anonymous_1)
DA:4,4
DA:6,4
DA:7,4
DA:8,4
DA:10,4
DA:11,1
DA:14,4
DA:15,1
DA:18,4
DA:19,13
DA:22,4
DA:25,1
DA:26,0
DA:28,0
DA:29,0
DA:30,0
DA:32,0
DA:33,0
DA:36,0
DA:37,0
DA:40,0
DA:41,0
DA:44,0
LF:23
LH:12
BRDA:4,0,0,0
BRDA:4,0,1,4
BRDA:7,1,0,4
BRDA:7,1,1,1
BRDA:8,2,0,4
BRDA:8,2,1,3
BRDA:10,3,0,1
BRDA:10,3,1,3
BRDA:14,4,0,1
BRDA:14,4,1,3
BRDA:26,5,0,0
BRDA:26,5,1,0
BRDA:29,6,0,0
BRDA:29,6,1,0
BRDA:30,7,0,0
BRDA:30,7,1,0
BRDA:32,8,0,0
BRDA:32,8,1,0
BRDA:36,9,0,0
BRDA:36,9,1,0
BRF:20
BRH:9
end_of_record
TN:
SF:methods/array/some()/some.js
FN:3,mySome
FN:13,(anonymous_1)
FNF:2
FNH:1
FNDA:2,mySome
FNDA:0,(anonymous_1)
DA:4,2
DA:6,2
DA:7,7
DA:10,1
DA:13,1
DA:14,0
DA:16,0
DA:17,0
DA:20,0
LF:9
LH:5
BRDA:4,0,0,0
BRDA:4,0,1,2
BRDA:7,1,0,1
BRDA:7,1,1,6
BRDA:14,2,0,0
BRDA:14,2,1,0
BRDA:17,3,0,0
BRDA:17,3,1,0
BRF:8
BRH:3
end_of_record
TN:
SF:methods/array/toString()/toString.js
FN:3,myToString
FN:8,(anonymous_1)
FNF:2
FNH:1
FNDA:2,myToString
FNDA:0,(anonymous_1)
DA:4,2
DA:5,2
DA:8,1
DA:9,0
DA:10,0
LF:5
LH:3
BRDA:4,0,0,0
BRDA:4,0,1,2
BRDA:9,1,0,0
BRDA:9,1,1,0
BRF:4
BRH:1
end_of_record
TN:
SF:methods/array/unshift()/unshift.js
FN:3,myUnshift
FN:17,(anonymous_1)
FNF:2
FNH:1
FNDA:1,myUnshift
FNDA:0,(anonymous_1)
DA:4,1
DA:6,1
DA:7,5
DA:10,1
DA:11,0
DA:14,1
DA:17,1
DA:18,0
DA:20,0
DA:21,0
DA:24,0
DA:25,0
DA:28,0
LF:13
LH:6
BRF:0
BRH:0
end_of_record
TN:
SF:methods/array/values()/values.js
FN:3,myValues
FN:4,createGenerator
FNF:2
FNH:2
FNDA:1,myValues
FNDA:1,createGenerator
DA:5,1
DA:6,1
DA:9,1
LF:3
LH:3
BRF:0
BRH:0
end_of_record
